2026-06-18 13:14:24 [info]: ✅ Cron jobs initialized
2026-06-18 13:14:24 [info]: ✅ PostgreSQL connected
2026-06-18 13:14:24 [warn]: ⚠️  Redis unavailable — using in-memory fallback (not for production)
2026-06-18 13:14:24 [info]: 🚀 FuelCore API running on port 3000 [development]
2026-06-18 13:15:22 [error]: PrismaClientKnownRequestError: 
Invalid `prisma.$queryRaw()` invocation:


Raw query failed. Code: `42703`. Message: `column "company_name" does not exist`
    at $n.handleRequestError (C:\Users\fuelcore\backend\node_modules\@prisma\client\runtime\library.js:121:7315)
    at $n.handleAndLogRequestError (C:\Users\fuelcore\backend\node_modules\@prisma\client\runtime\library.js:121:6623)
    at $n.request (C:\Users\fuelcore\backend\node_modules\@prisma\client\runtime\library.js:121:6307)
    at l (C:\Users\fuelcore\backend\node_modules\@prisma\client\runtime\library.js:130:9633)
    at async Promise.all (index 2)
    at DashboardService.getAlerts (C:\Users\fuelcore\backend\src\modules\dashboard\dashboard.service.ts:148:64)
    at DashboardController.getAlerts (C:\Users\fuelcore\backend\src\modules\dashboard\dashboard.controller.ts:28:18)
{
  "statusCode": 500,
  "path": "/api/v1/dashboard/alerts",
  "method": "GET",
  "userId": "a84e0895-fd6c-474c-ba71-96724d2a5af7"
}
2026-06-18 13:15:22 [error]: PrismaClientKnownRequestError: 
Invalid `prisma.$queryRaw()` invocation:


Raw query failed. Code: `42703`. Message: `column "is_active" does not exist`
    at $n.handleRequestError (C:\Users\fuelcore\backend\node_modules\@prisma\client\runtime\library.js:121:7315)
    at $n.handleAndLogRequestError (C:\Users\fuelcore\backend\node_modules\@prisma\client\runtime\library.js:121:6623)
    at $n.request (C:\Users\fuelcore\backend\node_modules\@prisma\client\runtime\library.js:121:6307)
    at l (C:\Users\fuelcore\backend\node_modules\@prisma\client\runtime\library.js:130:9633)
    at DashboardService.getStats (C:\Users\fuelcore\backend\src\modules\dashboard\dashboard.service.ts:41:24)
    at DashboardController.getStats (C:\Users\fuelcore\backend\src\modules\dashboard\dashboard.controller.ts:12:18)
{
  "statusCode": 500,
  "path": "/api/v1/dashboard/stats",
  "method": "GET",
  "userId": "a84e0895-fd6c-474c-ba71-96724d2a5af7"
}
2026-06-18 13:15:22 [error]: PrismaClientKnownRequestError: 
Invalid `prisma.$queryRaw()` invocation:


Raw query failed. Code: `42703`. Message: `column "created_at" does not exist`
    at $n.handleRequestError (C:\Users\fuelcore\backend\node_modules\@prisma\client\runtime\library.js:121:7315)
    at $n.handleAndLogRequestError (C:\Users\fuelcore\backend\node_modules\@prisma\client\runtime\library.js:121:6623)
    at $n.request (C:\Users\fuelcore\backend\node_modules\@prisma\client\runtime\library.js:121:6307)
    at l (C:\Users\fuelcore\backend\node_modules\@prisma\client\runtime\library.js:130:9633)
    at DashboardService.getCharts (C:\Users\fuelcore\backend\src\modules\dashboard\dashboard.service.ts:102:18)
    at DashboardController.getCharts (C:\Users\fuelcore\backend\src\modules\dashboard\dashboard.controller.ts:18:18)
{
  "statusCode": 500,
  "path": "/api/v1/dashboard/charts",
  "method": "GET",
  "userId": "a84e0895-fd6c-474c-ba71-96724d2a5af7"
}
2026-06-18 13:15:23 [error]: PrismaClientKnownRequestError: 
Invalid `prisma.$queryRaw()` invocation:


Raw query failed. Code: `42703`. Message: `column "company_name" does not exist`
    at $n.handleRequestError (C:\Users\fuelcore\backend\node_modules\@prisma\client\runtime\library.js:121:7315)
    at $n.handleAndLogRequestError (C:\Users\fuelcore\backend\node_modules\@prisma\client\runtime\library.js:121:6623)
    at $n.request (C:\Users\fuelcore\backend\node_modules\@prisma\client\runtime\library.js:121:6307)
    at l (C:\Users\fuelcore\backend\node_modules\@prisma\client\runtime\library.js:130:9633)
    at async Promise.all (index 2)
    at DashboardService.getAlerts (C:\Users\fuelcore\backend\src\modules\dashboard\dashboard.service.ts:148:64)
    at DashboardController.getAlerts (C:\Users\fuelcore\backend\src\modules\dashboard\dashboard.controller.ts:28:18)
{
  "statusCode": 500,
  "path": "/api/v1/dashboard/alerts",
  "method": "GET",
  "userId": "a84e0895-fd6c-474c-ba71-96724d2a5af7"
}
2026-06-18 13:15:24 [error]: PrismaClientKnownRequestError: 
Invalid `prisma.$queryRaw()` invocation:


Raw query failed. Code: `42703`. Message: `column "is_active" does not exist`
    at $n.handleRequestError (C:\Users\fuelcore\backend\node_modules\@prisma\client\runtime\library.js:121:7315)
    at $n.handleAndLogRequestError (C:\Users\fuelcore\backend\node_modules\@prisma\client\runtime\library.js:121:6623)
    at $n.request (C:\Users\fuelcore\backend\node_modules\@prisma\client\runtime\library.js:121:6307)
    at l (C:\Users\fuelcore\backend\node_modules\@prisma\client\runtime\library.js:130:9633)
    at DashboardService.getStats (C:\Users\fuelcore\backend\src\modules\dashboard\dashboard.service.ts:41:24)
    at DashboardController.getStats (C:\Users\fuelcore\backend\src\modules\dashboard\dashboard.controller.ts:12:18)
{
  "statusCode": 500,
  "path": "/api/v1/dashboard/stats",
  "method": "GET",
  "userId": "a84e0895-fd6c-474c-ba71-96724d2a5af7"
}
2026-06-18 13:15:24 [error]: PrismaClientKnownRequestError: 
Invalid `prisma.$queryRaw()` invocation:


Raw query failed. Code: `42703`. Message: `column "created_at" does not exist`
    at $n.handleRequestError (C:\Users\fuelcore\backend\node_modules\@prisma\client\runtime\library.js:121:7315)
    at $n.handleAndLogRequestError (C:\Users\fuelcore\backend\node_modules\@prisma\client\runtime\library.js:121:6623)
    at $n.request (C:\Users\fuelcore\backend\node_modules\@prisma\client\runtime\library.js:121:6307)
    at l (C:\Users\fuelcore\backend\node_modules\@prisma\client\runtime\library.js:130:9633)
    at DashboardService.getCharts (C:\Users\fuelcore\backend\src\modules\dashboard\dashboard.service.ts:102:18)
    at DashboardController.getCharts (C:\Users\fuelcore\backend\src\modules\dashboard\dashboard.controller.ts:18:18)
{
  "statusCode": 500,
  "path": "/api/v1/dashboard/charts",
  "method": "GET",
  "userId": "a84e0895-fd6c-474c-ba71-96724d2a5af7"
}
2026-06-18 13:16:43 [error]: PrismaClientKnownRequestError: 
Invalid `prisma.$queryRaw()` invocation:


Raw query failed. Code: `42703`. Message: `column "created_at" does not exist`
    at $n.handleRequestError (C:\Users\fuelcore\backend\node_modules\@prisma\client\runtime\library.js:121:7315)
    at $n.handleAndLogRequestError (C:\Users\fuelcore\backend\node_modules\@prisma\client\runtime\library.js:121:6623)
    at $n.request (C:\Users\fuelcore\backend\node_modules\@prisma\client\runtime\library.js:121:6307)
    at l (C:\Users\fuelcore\backend\node_modules\@prisma\client\runtime\library.js:130:9633)
    at AnalyticsService.getRevenueTrends (C:\Users\fuelcore\backend\src\modules\analytics\analytics.service.ts:29:14)
    at AnalyticsController.getRevenueTrends (C:\Users\fuelcore\backend\src\modules\analytics\analytics.controller.ts:10:30)
{
  "statusCode": 500,
  "path": "/api/v1/analytics/revenue-trends",
  "method": "GET",
  "userId": "a84e0895-fd6c-474c-ba71-96724d2a5af7"
}
2026-06-18 13:16:43 [error]: PrismaClientKnownRequestError: 
Invalid `prisma.$queryRaw()` invocation:


Raw query failed. Code: `42703`. Message: `column "created_at" does not exist`
    at $n.handleRequestError (C:\Users\fuelcore\backend\node_modules\@prisma\client\runtime\library.js:121:7315)
    at $n.handleAndLogRequestError (C:\Users\fuelcore\backend\node_modules\@prisma\client\runtime\library.js:121:6623)
    at $n.request (C:\Users\fuelcore\backend\node_modules\@prisma\client\runtime\library.js:121:6307)
    at l (C:\Users\fuelcore\backend\node_modules\@prisma\client\runtime\library.js:130:9633)
    at AnalyticsService.getDemandForecast (C:\Users\fuelcore\backend\src\modules\analytics\analytics.service.ts:116:14)
    at AnalyticsController.getDemandForecast (C:\Users\fuelcore\backend\src\modules\analytics\analytics.controller.ts:17:30)
{
  "statusCode": 500,
  "path": "/api/v1/analytics/demand-forecast",
  "method": "GET",
  "userId": "a84e0895-fd6c-474c-ba71-96724d2a5af7"
}
2026-06-18 13:16:44 [error]: PrismaClientKnownRequestError: 
Invalid `prisma.$queryRaw()` invocation:


Raw query failed. Code: `42703`. Message: `column "created_at" does not exist`
    at $n.handleRequestError (C:\Users\fuelcore\backend\node_modules\@prisma\client\runtime\library.js:121:7315)
    at $n.handleAndLogRequestError (C:\Users\fuelcore\backend\node_modules\@prisma\client\runtime\library.js:121:6623)
    at $n.request (C:\Users\fuelcore\backend\node_modules\@prisma\client\runtime\library.js:121:6307)
    at l (C:\Users\fuelcore\backend\node_modules\@prisma\client\runtime\library.js:130:9633)
    at AnalyticsService.getRevenueTrends (C:\Users\fuelcore\backend\src\modules\analytics\analytics.service.ts:29:14)
    at AnalyticsController.getRevenueTrends (C:\Users\fuelcore\backend\src\modules\analytics\analytics.controller.ts:10:30)
{
  "statusCode": 500,
  "path": "/api/v1/analytics/revenue-trends",
  "method": "GET",
  "userId": "a84e0895-fd6c-474c-ba71-96724d2a5af7"
}
2026-06-18 13:16:44 [error]: PrismaClientKnownRequestError: 
Invalid `prisma.$queryRaw()` invocation:


Raw query failed. Code: `42703`. Message: `column "created_at" does not exist`
    at $n.handleRequestError (C:\Users\fuelcore\backend\node_modules\@prisma\client\runtime\library.js:121:7315)
    at $n.handleAndLogRequestError (C:\Users\fuelcore\backend\node_modules\@prisma\client\runtime\library.js:121:6623)
    at $n.request (C:\Users\fuelcore\backend\node_modules\@prisma\client\runtime\library.js:121:6307)
    at l (C:\Users\fuelcore\backend\node_modules\@prisma\client\runtime\library.js:130:9633)
    at AnalyticsService.getDemandForecast (C:\Users\fuelcore\backend\src\modules\analytics\analytics.service.ts:116:14)
    at AnalyticsController.getDemandForecast (C:\Users\fuelcore\backend\src\modules\analytics\analytics.controller.ts:17:30)
{
  "statusCode": 500,
  "path": "/api/v1/analytics/demand-forecast",
  "method": "GET",
  "userId": "a84e0895-fd6c-474c-ba71-96724d2a5af7"
}
2026-06-18 13:17:20 [error]: PrismaClientKnownRequestError: 
Invalid `prisma.$queryRaw()` invocation:


Raw query failed. Code: `42703`. Message: `column "is_active" does not exist`
    at $n.handleRequestError (C:\Users\fuelcore\backend\node_modules\@prisma\client\runtime\library.js:121:7315)
    at $n.handleAndLogRequestError (C:\Users\fuelcore\backend\node_modules\@prisma\client\runtime\library.js:121:6623)
    at $n.request (C:\Users\fuelcore\backend\node_modules\@prisma\client\runtime\library.js:121:6307)
    at l (C:\Users\fuelcore\backend\node_modules\@prisma\client\runtime\library.js:130:9633)
    at DashboardService.getStats (C:\Users\fuelcore\backend\src\modules\dashboard\dashboard.service.ts:41:24)
    at DashboardController.getStats (C:\Users\fuelcore\backend\src\modules\dashboard\dashboard.controller.ts:12:18)
{
  "statusCode": 500,
  "path": "/api/v1/dashboard/stats",
  "method": "GET",
  "userId": "a84e0895-fd6c-474c-ba71-96724d2a5af7"
}
2026-06-18 13:17:20 [error]: PrismaClientKnownRequestError: 
Invalid `prisma.$queryRaw()` invocation:


Raw query failed. Code: `42703`. Message: `column ft.station_id does not exist`
    at $n.handleRequestError (C:\Users\fuelcore\backend\node_modules\@prisma\client\runtime\library.js:121:7315)
    at $n.handleAndLogRequestError (C:\Users\fuelcore\backend\node_modules\@prisma\client\runtime\library.js:121:6623)
    at $n.request (C:\Users\fuelcore\backend\node_modules\@prisma\client\runtime\library.js:121:6307)
    at l (C:\Users\fuelcore\backend\node_modules\@prisma\client\runtime\library.js:130:9633)
    at async Promise.all (index 0)
    at DashboardService.getAlerts (C:\Users\fuelcore\backend\src\modules\dashboard\dashboard.service.ts:148:64)
    at DashboardController.getAlerts (C:\Users\fuelcore\backend\src\modules\dashboard\dashboard.controller.ts:28:18)
{
  "statusCode": 500,
  "path": "/api/v1/dashboard/alerts",
  "method": "GET",
  "userId": "a84e0895-fd6c-474c-ba71-96724d2a5af7"
}
2026-06-18 13:17:20 [error]: PrismaClientKnownRequestError: 
Invalid `prisma.$queryRaw()` invocation:


Raw query failed. Code: `42703`. Message: `column "created_at" does not exist`
    at $n.handleRequestError (C:\Users\fuelcore\backend\node_modules\@prisma\client\runtime\library.js:121:7315)
    at $n.handleAndLogRequestError (C:\Users\fuelcore\backend\node_modules\@prisma\client\runtime\library.js:121:6623)
    at $n.request (C:\Users\fuelcore\backend\node_modules\@prisma\client\runtime\library.js:121:6307)
    at l (C:\Users\fuelcore\backend\node_modules\@prisma\client\runtime\library.js:130:9633)
    at DashboardService.getCharts (C:\Users\fuelcore\backend\src\modules\dashboard\dashboard.service.ts:102:18)
    at DashboardController.getCharts (C:\Users\fuelcore\backend\src\modules\dashboard\dashboard.controller.ts:18:18)
{
  "statusCode": 500,
  "path": "/api/v1/dashboard/charts",
  "method": "GET",
  "userId": "a84e0895-fd6c-474c-ba71-96724d2a5af7"
}
2026-06-18 13:17:21 [error]: PrismaClientKnownRequestError: 
Invalid `prisma.$queryRaw()` invocation:


Raw query failed. Code: `42703`. Message: `column "is_active" does not exist`
    at $n.handleRequestError (C:\Users\fuelcore\backend\node_modules\@prisma\client\runtime\library.js:121:7315)
    at $n.handleAndLogRequestError (C:\Users\fuelcore\backend\node_modules\@prisma\client\runtime\library.js:121:6623)
    at $n.request (C:\Users\fuelcore\backend\node_modules\@prisma\client\runtime\library.js:121:6307)
    at l (C:\Users\fuelcore\backend\node_modules\@prisma\client\runtime\library.js:130:9633)
    at DashboardService.getStats (C:\Users\fuelcore\backend\src\modules\dashboard\dashboard.service.ts:41:24)
    at DashboardController.getStats (C:\Users\fuelcore\backend\src\modules\dashboard\dashboard.controller.ts:12:18)
{
  "statusCode": 500,
  "path": "/api/v1/dashboard/stats",
  "method": "GET",
  "userId": "a84e0895-fd6c-474c-ba71-96724d2a5af7"
}
2026-06-18 13:17:21 [error]: PrismaClientKnownRequestError: 
Invalid `prisma.$queryRaw()` invocation:


Raw query failed. Code: `42703`. Message: `column "company_name" does not exist`
    at $n.handleRequestError (C:\Users\fuelcore\backend\node_modules\@prisma\client\runtime\library.js:121:7315)
    at $n.handleAndLogRequestError (C:\Users\fuelcore\backend\node_modules\@prisma\client\runtime\library.js:121:6623)
    at $n.request (C:\Users\fuelcore\backend\node_modules\@prisma\client\runtime\library.js:121:6307)
    at l (C:\Users\fuelcore\backend\node_modules\@prisma\client\runtime\library.js:130:9633)
    at async Promise.all (index 2)
    at DashboardService.getAlerts (C:\Users\fuelcore\backend\src\modules\dashboard\dashboard.service.ts:148:64)
    at DashboardController.getAlerts (C:\Users\fuelcore\backend\src\modules\dashboard\dashboard.controller.ts:28:18)
{
  "statusCode": 500,
  "path": "/api/v1/dashboard/alerts",
  "method": "GET",
  "userId": "a84e0895-fd6c-474c-ba71-96724d2a5af7"
}
2026-06-18 13:17:21 [error]: PrismaClientKnownRequestError: 
Invalid `prisma.$queryRaw()` invocation:


Raw query failed. Code: `42703`. Message: `column "created_at" does not exist`
    at $n.handleRequestError (C:\Users\fuelcore\backend\node_modules\@prisma\client\runtime\library.js:121:7315)
    at $n.handleAndLogRequestError (C:\Users\fuelcore\backend\node_modules\@prisma\client\runtime\library.js:121:6623)
    at $n.request (C:\Users\fuelcore\backend\node_modules\@prisma\client\runtime\library.js:121:6307)
    at l (C:\Users\fuelcore\backend\node_modules\@prisma\client\runtime\library.js:130:9633)
    at DashboardService.getCharts (C:\Users\fuelcore\backend\src\modules\dashboard\dashboard.service.ts:102:18)
    at DashboardController.getCharts (C:\Users\fuelcore\backend\src\modules\dashboard\dashboard.controller.ts:18:18)
{
  "statusCode": 500,
  "path": "/api/v1/dashboard/charts",
  "method": "GET",
  "userId": "a84e0895-fd6c-474c-ba71-96724d2a5af7"
}
2026-06-18 13:18:21 [error]: PrismaClientKnownRequestError: 
Invalid `prisma.$queryRaw()` invocation:


Raw query failed. Code: `42703`. Message: `column "is_active" does not exist`
    at $n.handleRequestError (C:\Users\fuelcore\backend\node_modules\@prisma\client\runtime\library.js:121:7315)
    at $n.handleAndLogRequestError (C:\Users\fuelcore\backend\node_modules\@prisma\client\runtime\library.js:121:6623)
    at $n.request (C:\Users\fuelcore\backend\node_modules\@prisma\client\runtime\library.js:121:6307)
    at l (C:\Users\fuelcore\backend\node_modules\@prisma\client\runtime\library.js:130:9633)
    at DashboardService.getStats (C:\Users\fuelcore\backend\src\modules\dashboard\dashboard.service.ts:41:24)
    at DashboardController.getStats (C:\Users\fuelcore\backend\src\modules\dashboard\dashboard.controller.ts:12:18)
{
  "statusCode": 500,
  "path": "/api/v1/dashboard/stats",
  "method": "GET",
  "userId": "a84e0895-fd6c-474c-ba71-96724d2a5af7"
}
2026-06-18 13:18:22 [error]: PrismaClientKnownRequestError: 
Invalid `prisma.$queryRaw()` invocation:


Raw query failed. Code: `42703`. Message: `column "is_active" does not exist`
    at $n.handleRequestError (C:\Users\fuelcore\backend\node_modules\@prisma\client\runtime\library.js:121:7315)
    at $n.handleAndLogRequestError (C:\Users\fuelcore\backend\node_modules\@prisma\client\runtime\library.js:121:6623)
    at $n.request (C:\Users\fuelcore\backend\node_modules\@prisma\client\runtime\library.js:121:6307)
    at l (C:\Users\fuelcore\backend\node_modules\@prisma\client\runtime\library.js:130:9633)
    at DashboardService.getStats (C:\Users\fuelcore\backend\src\modules\dashboard\dashboard.service.ts:41:24)
    at DashboardController.getStats (C:\Users\fuelcore\backend\src\modules\dashboard\dashboard.controller.ts:12:18)
{
  "statusCode": 500,
  "path": "/api/v1/dashboard/stats",
  "method": "GET",
  "userId": "a84e0895-fd6c-474c-ba71-96724d2a5af7"
}
2026-06-18 13:18:27 [info]: ✅ Cron jobs initialized
2026-06-18 13:18:27 [info]: ✅ PostgreSQL connected
2026-06-18 13:18:27 [warn]: ⚠️  Redis unavailable — using in-memory fallback (not for production)
2026-06-18 13:18:27 [info]: 🚀 FuelCore API running on port 3000 [development]
2026-06-18 13:18:43 [info]: ✅ Cron jobs initialized
2026-06-18 13:18:43 [info]: ✅ PostgreSQL connected
2026-06-18 13:18:43 [warn]: ⚠️  Redis unavailable — using in-memory fallback (not for production)
2026-06-18 13:18:43 [info]: 🚀 FuelCore API running on port 3000 [development]
2026-06-18 13:19:08 [info]: ✅ Cron jobs initialized
2026-06-18 13:19:08 [info]: ✅ PostgreSQL connected
2026-06-18 13:19:08 [warn]: ⚠️  Redis unavailable — using in-memory fallback (not for production)
2026-06-18 13:19:08 [info]: 🚀 FuelCore API running on port 3000 [development]
2026-06-18 13:19:22 [info]: ✅ Cron jobs initialized
2026-06-18 13:19:22 [info]: ✅ PostgreSQL connected
2026-06-18 13:19:22 [warn]: ⚠️  Redis unavailable — using in-memory fallback (not for production)
2026-06-18 13:19:22 [info]: 🚀 FuelCore API running on port 3000 [development]
2026-06-18 13:19:22 [error]: PrismaClientKnownRequestError: 
Invalid `prisma.$queryRaw()` invocation:


Raw query failed. Code: `42703`. Message: `column "is_active" does not exist`
    at $n.handleRequestError (C:\Users\fuelcore\backend\node_modules\@prisma\client\runtime\library.js:121:7315)
    at $n.handleAndLogRequestError (C:\Users\fuelcore\backend\node_modules\@prisma\client\runtime\library.js:121:6623)
    at $n.request (C:\Users\fuelcore\backend\node_modules\@prisma\client\runtime\library.js:121:6307)
    at l (C:\Users\fuelcore\backend\node_modules\@prisma\client\runtime\library.js:130:9633)
    at DashboardService.getStats (C:\Users\fuelcore\backend\src\modules\dashboard\dashboard.service.ts:46:24)
    at DashboardController.getStats (C:\Users\fuelcore\backend\src\modules\dashboard\dashboard.controller.ts:12:18)
{
  "statusCode": 500,
  "path": "/api/v1/dashboard/stats",
  "method": "GET",
  "userId": "a84e0895-fd6c-474c-ba71-96724d2a5af7"
}
2026-06-18 13:19:23 [error]: PrismaClientKnownRequestError: 
Invalid `prisma.$queryRaw()` invocation:


Raw query failed. Code: `42703`. Message: `column "is_active" does not exist`
    at $n.handleRequestError (C:\Users\fuelcore\backend\node_modules\@prisma\client\runtime\library.js:121:7315)
    at $n.handleAndLogRequestError (C:\Users\fuelcore\backend\node_modules\@prisma\client\runtime\library.js:121:6623)
    at $n.request (C:\Users\fuelcore\backend\node_modules\@prisma\client\runtime\library.js:121:6307)
    at l (C:\Users\fuelcore\backend\node_modules\@prisma\client\runtime\library.js:130:9633)
    at DashboardService.getStats (C:\Users\fuelcore\backend\src\modules\dashboard\dashboard.service.ts:46:24)
    at DashboardController.getStats (C:\Users\fuelcore\backend\src\modules\dashboard\dashboard.controller.ts:12:18)
{
  "statusCode": 500,
  "path": "/api/v1/dashboard/stats",
  "method": "GET",
  "userId": "a84e0895-fd6c-474c-ba71-96724d2a5af7"
}
2026-06-18 13:19:55 [info]: ✅ Cron jobs initialized
2026-06-18 13:19:55 [info]: ✅ PostgreSQL connected
2026-06-18 13:19:55 [warn]: ⚠️  Redis unavailable — using in-memory fallback (not for production)
2026-06-18 13:19:55 [info]: 🚀 FuelCore API running on port 3000 [development]
2026-06-18 13:20:24 [error]: PrismaClientKnownRequestError: 
Invalid `prisma.$queryRaw()` invocation:


Raw query failed. Code: `42703`. Message: `column "is_active" does not exist`
    at $n.handleRequestError (C:\Users\fuelcore\backend\node_modules\@prisma\client\runtime\library.js:121:7315)
    at $n.handleAndLogRequestError (C:\Users\fuelcore\backend\node_modules\@prisma\client\runtime\library.js:121:6623)
    at $n.request (C:\Users\fuelcore\backend\node_modules\@prisma\client\runtime\library.js:121:6307)
    at l (C:\Users\fuelcore\backend\node_modules\@prisma\client\runtime\library.js:130:9633)
    at DashboardService.getStats (C:\Users\fuelcore\backend\src\modules\dashboard\dashboard.service.ts:46:24)
    at DashboardController.getStats (C:\Users\fuelcore\backend\src\modules\dashboard\dashboard.controller.ts:12:18)
{
  "statusCode": 500,
  "path": "/api/v1/dashboard/stats",
  "method": "GET",
  "userId": "a84e0895-fd6c-474c-ba71-96724d2a5af7"
}
2026-06-18 13:20:25 [error]: PrismaClientKnownRequestError: 
Invalid `prisma.$queryRaw()` invocation:


Raw query failed. Code: `42703`. Message: `column "is_active" does not exist`
    at $n.handleRequestError (C:\Users\fuelcore\backend\node_modules\@prisma\client\runtime\library.js:121:7315)
    at $n.handleAndLogRequestError (C:\Users\fuelcore\backend\node_modules\@prisma\client\runtime\library.js:121:6623)
    at $n.request (C:\Users\fuelcore\backend\node_modules\@prisma\client\runtime\library.js:121:6307)
    at l (C:\Users\fuelcore\backend\node_modules\@prisma\client\runtime\library.js:130:9633)
    at DashboardService.getStats (C:\Users\fuelcore\backend\src\modules\dashboard\dashboard.service.ts:46:24)
    at DashboardController.getStats (C:\Users\fuelcore\backend\src\modules\dashboard\dashboard.controller.ts:12:18)
{
  "statusCode": 500,
  "path": "/api/v1/dashboard/stats",
  "method": "GET",
  "userId": "a84e0895-fd6c-474c-ba71-96724d2a5af7"
}
2026-06-18 13:20:29 [info]: ✅ Cron jobs initialized
2026-06-18 13:20:29 [info]: ✅ PostgreSQL connected
2026-06-18 13:20:29 [warn]: ⚠️  Redis unavailable — using in-memory fallback (not for production)
2026-06-18 13:20:29 [info]: 🚀 FuelCore API running on port 3000 [development]
2026-06-18 13:21:08 [info]: ✅ Cron jobs initialized
2026-06-18 13:21:08 [info]: ✅ PostgreSQL connected
2026-06-18 13:21:08 [warn]: ⚠️  Redis unavailable — using in-memory fallback (not for production)
2026-06-18 13:21:08 [info]: 🚀 FuelCore API running on port 3000 [development]
2026-06-18 13:21:25 [error]: PrismaClientKnownRequestError: 
Invalid `prisma.$queryRaw()` invocation:


Raw query failed. Code: `42703`. Message: `column "is_active" does not exist`
    at $n.handleRequestError (C:\Users\fuelcore\backend\node_modules\@prisma\client\runtime\library.js:121:7315)
    at $n.handleAndLogRequestError (C:\Users\fuelcore\backend\node_modules\@prisma\client\runtime\library.js:121:6623)
    at $n.request (C:\Users\fuelcore\backend\node_modules\@prisma\client\runtime\library.js:121:6307)
    at l (C:\Users\fuelcore\backend\node_modules\@prisma\client\runtime\library.js:130:9633)
    at DashboardService.getStats (C:\Users\fuelcore\backend\src\modules\dashboard\dashboard.service.ts:46:24)
    at DashboardController.getStats (C:\Users\fuelcore\backend\src\modules\dashboard\dashboard.controller.ts:12:18)
{
  "statusCode": 500,
  "path": "/api/v1/dashboard/stats",
  "method": "GET",
  "userId": "a84e0895-fd6c-474c-ba71-96724d2a5af7"
}
2026-06-18 13:21:26 [error]: PrismaClientKnownRequestError: 
Invalid `prisma.$queryRaw()` invocation:


Raw query failed. Code: `42703`. Message: `column "is_active" does not exist`
    at $n.handleRequestError (C:\Users\fuelcore\backend\node_modules\@prisma\client\runtime\library.js:121:7315)
    at $n.handleAndLogRequestError (C:\Users\fuelcore\backend\node_modules\@prisma\client\runtime\library.js:121:6623)
    at $n.request (C:\Users\fuelcore\backend\node_modules\@prisma\client\runtime\library.js:121:6307)
    at l (C:\Users\fuelcore\backend\node_modules\@prisma\client\runtime\library.js:130:9633)
    at DashboardService.getStats (C:\Users\fuelcore\backend\src\modules\dashboard\dashboard.service.ts:46:24)
    at DashboardController.getStats (C:\Users\fuelcore\backend\src\modules\dashboard\dashboard.controller.ts:12:18)
{
  "statusCode": 500,
  "path": "/api/v1/dashboard/stats",
  "method": "GET",
  "userId": "a84e0895-fd6c-474c-ba71-96724d2a5af7"
}
2026-06-18 13:21:36 [error]: PrismaClientKnownRequestError: 
Invalid `prisma.$queryRaw()` invocation:


Raw query failed. Code: `42703`. Message: `column "created_at" does not exist`
    at $n.handleRequestError (C:\Users\fuelcore\backend\node_modules\@prisma\client\runtime\library.js:121:7315)
    at $n.handleAndLogRequestError (C:\Users\fuelcore\backend\node_modules\@prisma\client\runtime\library.js:121:6623)
    at $n.request (C:\Users\fuelcore\backend\node_modules\@prisma\client\runtime\library.js:121:6307)
    at l (C:\Users\fuelcore\backend\node_modules\@prisma\client\runtime\library.js:130:9633)
    at DashboardService.getCharts (C:\Users\fuelcore\backend\src\modules\dashboard\dashboard.service.ts:107:18)
    at DashboardController.getCharts (C:\Users\fuelcore\backend\src\modules\dashboard\dashboard.controller.ts:18:18)
{
  "statusCode": 500,
  "path": "/api/v1/dashboard/charts",
  "method": "GET",
  "userId": "a84e0895-fd6c-474c-ba71-96724d2a5af7"
}
2026-06-18 13:21:36 [error]: PrismaClientKnownRequestError: 
Invalid `prisma.$queryRaw()` invocation:


Raw query failed. Code: `42703`. Message: `column "is_active" does not exist`
    at $n.handleRequestError (C:\Users\fuelcore\backend\node_modules\@prisma\client\runtime\library.js:121:7315)
    at $n.handleAndLogRequestError (C:\Users\fuelcore\backend\node_modules\@prisma\client\runtime\library.js:121:6623)
    at $n.request (C:\Users\fuelcore\backend\node_modules\@prisma\client\runtime\library.js:121:6307)
    at l (C:\Users\fuelcore\backend\node_modules\@prisma\client\runtime\library.js:130:9633)
    at DashboardService.getStats (C:\Users\fuelcore\backend\src\modules\dashboard\dashboard.service.ts:46:24)
    at DashboardController.getStats (C:\Users\fuelcore\backend\src\modules\dashboard\dashboard.controller.ts:12:18)
{
  "statusCode": 500,
  "path": "/api/v1/dashboard/stats",
  "method": "GET",
  "userId": "a84e0895-fd6c-474c-ba71-96724d2a5af7"
}
2026-06-18 13:21:37 [error]: PrismaClientKnownRequestError: 
Invalid `prisma.$queryRaw()` invocation:


Raw query failed. Code: `42703`. Message: `column ft.station_id does not exist`
    at $n.handleRequestError (C:\Users\fuelcore\backend\node_modules\@prisma\client\runtime\library.js:121:7315)
    at $n.handleAndLogRequestError (C:\Users\fuelcore\backend\node_modules\@prisma\client\runtime\library.js:121:6623)
    at $n.request (C:\Users\fuelcore\backend\node_modules\@prisma\client\runtime\library.js:121:6307)
    at l (C:\Users\fuelcore\backend\node_modules\@prisma\client\runtime\library.js:130:9633)
    at async Promise.all (index 0)
    at DashboardService.getAlerts (C:\Users\fuelcore\backend\src\modules\dashboard\dashboard.service.ts:153:64)
    at DashboardController.getAlerts (C:\Users\fuelcore\backend\src\modules\dashboard\dashboard.controller.ts:28:18)
{
  "statusCode": 500,
  "path": "/api/v1/dashboard/alerts",
  "method": "GET",
  "userId": "a84e0895-fd6c-474c-ba71-96724d2a5af7"
}
2026-06-18 13:21:38 [error]: PrismaClientKnownRequestError: 
Invalid `prisma.$queryRaw()` invocation:


Raw query failed. Code: `42703`. Message: `column "created_at" does not exist`
    at $n.handleRequestError (C:\Users\fuelcore\backend\node_modules\@prisma\client\runtime\library.js:121:7315)
    at $n.handleAndLogRequestError (C:\Users\fuelcore\backend\node_modules\@prisma\client\runtime\library.js:121:6623)
    at $n.request (C:\Users\fuelcore\backend\node_modules\@prisma\client\runtime\library.js:121:6307)
    at l (C:\Users\fuelcore\backend\node_modules\@prisma\client\runtime\library.js:130:9633)
    at DashboardService.getCharts (C:\Users\fuelcore\backend\src\modules\dashboard\dashboard.service.ts:107:18)
    at DashboardController.getCharts (C:\Users\fuelcore\backend\src\modules\dashboard\dashboard.controller.ts:18:18)
{
  "statusCode": 500,
  "path": "/api/v1/dashboard/charts",
  "method": "GET",
  "userId": "a84e0895-fd6c-474c-ba71-96724d2a5af7"
}
2026-06-18 13:21:38 [error]: PrismaClientKnownRequestError: 
Invalid `prisma.$queryRaw()` invocation:


Raw query failed. Code: `42703`. Message: `column "is_active" does not exist`
    at $n.handleRequestError (C:\Users\fuelcore\backend\node_modules\@prisma\client\runtime\library.js:121:7315)
    at $n.handleAndLogRequestError (C:\Users\fuelcore\backend\node_modules\@prisma\client\runtime\library.js:121:6623)
    at $n.request (C:\Users\fuelcore\backend\node_modules\@prisma\client\runtime\library.js:121:6307)
    at l (C:\Users\fuelcore\backend\node_modules\@prisma\client\runtime\library.js:130:9633)
    at DashboardService.getStats (C:\Users\fuelcore\backend\src\modules\dashboard\dashboard.service.ts:46:24)
    at DashboardController.getStats (C:\Users\fuelcore\backend\src\modules\dashboard\dashboard.controller.ts:12:18)
{
  "statusCode": 500,
  "path": "/api/v1/dashboard/stats",
  "method": "GET",
  "userId": "a84e0895-fd6c-474c-ba71-96724d2a5af7"
}
2026-06-18 13:21:38 [error]: PrismaClientKnownRequestError: 
Invalid `prisma.$queryRaw()` invocation:


Raw query failed. Code: `42703`. Message: `column ft.station_id does not exist`
    at $n.handleRequestError (C:\Users\fuelcore\backend\node_modules\@prisma\client\runtime\library.js:121:7315)
    at $n.handleAndLogRequestError (C:\Users\fuelcore\backend\node_modules\@prisma\client\runtime\library.js:121:6623)
    at $n.request (C:\Users\fuelcore\backend\node_modules\@prisma\client\runtime\library.js:121:6307)
    at l (C:\Users\fuelcore\backend\node_modules\@prisma\client\runtime\library.js:130:9633)
    at async Promise.all (index 0)
    at DashboardService.getAlerts (C:\Users\fuelcore\backend\src\modules\dashboard\dashboard.service.ts:153:64)
    at DashboardController.getAlerts (C:\Users\fuelcore\backend\src\modules\dashboard\dashboard.controller.ts:28:18)
{
  "statusCode": 500,
  "path": "/api/v1/dashboard/alerts",
  "method": "GET",
  "userId": "a84e0895-fd6c-474c-ba71-96724d2a5af7"
}
2026-06-18 13:22:03 [error]: PrismaClientKnownRequestError: 
Invalid `prisma.$queryRaw()` invocation:


Raw query failed. Code: `42703`. Message: `column ft.station_id does not exist`
    at $n.handleRequestError (C:\Users\fuelcore\backend\node_modules\@prisma\client\runtime\library.js:121:7315)
    at $n.handleAndLogRequestError (C:\Users\fuelcore\backend\node_modules\@prisma\client\runtime\library.js:121:6623)
    at $n.request (C:\Users\fuelcore\backend\node_modules\@prisma\client\runtime\library.js:121:6307)
    at l (C:\Users\fuelcore\backend\node_modules\@prisma\client\runtime\library.js:130:9633)
    at async Promise.all (index 0)
    at DashboardService.getAlerts (C:\Users\fuelcore\backend\src\modules\dashboard\dashboard.service.ts:153:64)
    at DashboardController.getAlerts (C:\Users\fuelcore\backend\src\modules\dashboard\dashboard.controller.ts:28:18)
{
  "statusCode": 500,
  "path": "/api/v1/dashboard/alerts",
  "method": "GET",
  "userId": "a84e0895-fd6c-474c-ba71-96724d2a5af7"
}
2026-06-18 13:22:03 [error]: PrismaClientKnownRequestError: 
Invalid `prisma.$queryRaw()` invocation:


Raw query failed. Code: `42703`. Message: `column "is_active" does not exist`
    at $n.handleRequestError (C:\Users\fuelcore\backend\node_modules\@prisma\client\runtime\library.js:121:7315)
    at $n.handleAndLogRequestError (C:\Users\fuelcore\backend\node_modules\@prisma\client\runtime\library.js:121:6623)
    at $n.request (C:\Users\fuelcore\backend\node_modules\@prisma\client\runtime\library.js:121:6307)
    at l (C:\Users\fuelcore\backend\node_modules\@prisma\client\runtime\library.js:130:9633)
    at DashboardService.getStats (C:\Users\fuelcore\backend\src\modules\dashboard\dashboard.service.ts:46:24)
    at DashboardController.getStats (C:\Users\fuelcore\backend\src\modules\dashboard\dashboard.controller.ts:12:18)
{
  "statusCode": 500,
  "path": "/api/v1/dashboard/stats",
  "method": "GET",
  "userId": "a84e0895-fd6c-474c-ba71-96724d2a5af7"
}
2026-06-18 13:22:03 [error]: PrismaClientKnownRequestError: 
Invalid `prisma.$queryRaw()` invocation:


Raw query failed. Code: `42703`. Message: `column "created_at" does not exist`
    at $n.handleRequestError (C:\Users\fuelcore\backend\node_modules\@prisma\client\runtime\library.js:121:7315)
    at $n.handleAndLogRequestError (C:\Users\fuelcore\backend\node_modules\@prisma\client\runtime\library.js:121:6623)
    at $n.request (C:\Users\fuelcore\backend\node_modules\@prisma\client\runtime\library.js:121:6307)
    at l (C:\Users\fuelcore\backend\node_modules\@prisma\client\runtime\library.js:130:9633)
    at DashboardService.getCharts (C:\Users\fuelcore\backend\src\modules\dashboard\dashboard.service.ts:107:18)
    at DashboardController.getCharts (C:\Users\fuelcore\backend\src\modules\dashboard\dashboard.controller.ts:18:18)
{
  "statusCode": 500,
  "path": "/api/v1/dashboard/charts",
  "method": "GET",
  "userId": "a84e0895-fd6c-474c-ba71-96724d2a5af7"
}
2026-06-18 13:22:04 [error]: PrismaClientKnownRequestError: 
Invalid `prisma.$queryRaw()` invocation:


Raw query failed. Code: `42703`. Message: `column "company_name" does not exist`
    at $n.handleRequestError (C:\Users\fuelcore\backend\node_modules\@prisma\client\runtime\library.js:121:7315)
    at $n.handleAndLogRequestError (C:\Users\fuelcore\backend\node_modules\@prisma\client\runtime\library.js:121:6623)
    at $n.request (C:\Users\fuelcore\backend\node_modules\@prisma\client\runtime\library.js:121:6307)
    at l (C:\Users\fuelcore\backend\node_modules\@prisma\client\runtime\library.js:130:9633)
    at async Promise.all (index 2)
    at DashboardService.getAlerts (C:\Users\fuelcore\backend\src\modules\dashboard\dashboard.service.ts:153:64)
    at DashboardController.getAlerts (C:\Users\fuelcore\backend\src\modules\dashboard\dashboard.controller.ts:28:18)
{
  "statusCode": 500,
  "path": "/api/v1/dashboard/alerts",
  "method": "GET",
  "userId": "a84e0895-fd6c-474c-ba71-96724d2a5af7"
}
2026-06-18 13:22:04 [error]: PrismaClientKnownRequestError: 
Invalid `prisma.$queryRaw()` invocation:


Raw query failed. Code: `42703`. Message: `column "is_active" does not exist`
    at $n.handleRequestError (C:\Users\fuelcore\backend\node_modules\@prisma\client\runtime\library.js:121:7315)
    at $n.handleAndLogRequestError (C:\Users\fuelcore\backend\node_modules\@prisma\client\runtime\library.js:121:6623)
    at $n.request (C:\Users\fuelcore\backend\node_modules\@prisma\client\runtime\library.js:121:6307)
    at l (C:\Users\fuelcore\backend\node_modules\@prisma\client\runtime\library.js:130:9633)
    at DashboardService.getStats (C:\Users\fuelcore\backend\src\modules\dashboard\dashboard.service.ts:46:24)
    at DashboardController.getStats (C:\Users\fuelcore\backend\src\modules\dashboard\dashboard.controller.ts:12:18)
{
  "statusCode": 500,
  "path": "/api/v1/dashboard/stats",
  "method": "GET",
  "userId": "a84e0895-fd6c-474c-ba71-96724d2a5af7"
}
2026-06-18 13:22:04 [error]: PrismaClientKnownRequestError: 
Invalid `prisma.$queryRaw()` invocation:


Raw query failed. Code: `42703`. Message: `column "created_at" does not exist`
    at $n.handleRequestError (C:\Users\fuelcore\backend\node_modules\@prisma\client\runtime\library.js:121:7315)
    at $n.handleAndLogRequestError (C:\Users\fuelcore\backend\node_modules\@prisma\client\runtime\library.js:121:6623)
    at $n.request (C:\Users\fuelcore\backend\node_modules\@prisma\client\runtime\library.js:121:6307)
    at l (C:\Users\fuelcore\backend\node_modules\@prisma\client\runtime\library.js:130:9633)
    at DashboardService.getCharts (C:\Users\fuelcore\backend\src\modules\dashboard\dashboard.service.ts:107:18)
    at DashboardController.getCharts (C:\Users\fuelcore\backend\src\modules\dashboard\dashboard.controller.ts:18:18)
{
  "statusCode": 500,
  "path": "/api/v1/dashboard/charts",
  "method": "GET",
  "userId": "a84e0895-fd6c-474c-ba71-96724d2a5af7"
}
2026-06-18 13:22:42 [error]: PrismaClientKnownRequestError: 
Invalid `prisma.$queryRaw()` invocation:


Raw query failed. Code: `42703`. Message: `column "created_at" does not exist`
    at $n.handleRequestError (C:\Users\fuelcore\backend\node_modules\@prisma\client\runtime\library.js:121:7315)
    at $n.handleAndLogRequestError (C:\Users\fuelcore\backend\node_modules\@prisma\client\runtime\library.js:121:6623)
    at $n.request (C:\Users\fuelcore\backend\node_modules\@prisma\client\runtime\library.js:121:6307)
    at l (C:\Users\fuelcore\backend\node_modules\@prisma\client\runtime\library.js:130:9633)
    at AnalyticsService.getRevenueTrends (C:\Users\fuelcore\backend\src\modules\analytics\analytics.service.ts:34:14)
    at AnalyticsController.getRevenueTrends (C:\Users\fuelcore\backend\src\modules\analytics\analytics.controller.ts:10:30)
{
  "statusCode": 500,
  "path": "/api/v1/analytics/revenue-trends",
  "method": "GET",
  "userId": "a84e0895-fd6c-474c-ba71-96724d2a5af7"
}
2026-06-18 13:22:42 [error]: PrismaClientKnownRequestError: 
Invalid `prisma.$queryRaw()` invocation:


Raw query failed. Code: `42703`. Message: `column "created_at" does not exist`
    at $n.handleRequestError (C:\Users\fuelcore\backend\node_modules\@prisma\client\runtime\library.js:121:7315)
    at $n.handleAndLogRequestError (C:\Users\fuelcore\backend\node_modules\@prisma\client\runtime\library.js:121:6623)
    at $n.request (C:\Users\fuelcore\backend\node_modules\@prisma\client\runtime\library.js:121:6307)
    at l (C:\Users\fuelcore\backend\node_modules\@prisma\client\runtime\library.js:130:9633)
    at AnalyticsService.getDemandForecast (C:\Users\fuelcore\backend\src\modules\analytics\analytics.service.ts:122:14)
    at AnalyticsController.getDemandForecast (C:\Users\fuelcore\backend\src\modules\analytics\analytics.controller.ts:17:30)
{
  "statusCode": 500,
  "path": "/api/v1/analytics/demand-forecast",
  "method": "GET",
  "userId": "a84e0895-fd6c-474c-ba71-96724d2a5af7"
}
2026-06-18 13:22:43 [error]: PrismaClientKnownRequestError: 
Invalid `prisma.$queryRaw()` invocation:


Raw query failed. Code: `42703`. Message: `column "created_at" does not exist`
    at $n.handleRequestError (C:\Users\fuelcore\backend\node_modules\@prisma\client\runtime\library.js:121:7315)
    at $n.handleAndLogRequestError (C:\Users\fuelcore\backend\node_modules\@prisma\client\runtime\library.js:121:6623)
    at $n.request (C:\Users\fuelcore\backend\node_modules\@prisma\client\runtime\library.js:121:6307)
    at l (C:\Users\fuelcore\backend\node_modules\@prisma\client\runtime\library.js:130:9633)
    at AnalyticsService.getRevenueTrends (C:\Users\fuelcore\backend\src\modules\analytics\analytics.service.ts:34:14)
    at AnalyticsController.getRevenueTrends (C:\Users\fuelcore\backend\src\modules\analytics\analytics.controller.ts:10:30)
{
  "statusCode": 500,
  "path": "/api/v1/analytics/revenue-trends",
  "method": "GET",
  "userId": "a84e0895-fd6c-474c-ba71-96724d2a5af7"
}
2026-06-18 13:22:43 [error]: PrismaClientKnownRequestError: 
Invalid `prisma.$queryRaw()` invocation:


Raw query failed. Code: `42703`. Message: `column "created_at" does not exist`
    at $n.handleRequestError (C:\Users\fuelcore\backend\node_modules\@prisma\client\runtime\library.js:121:7315)
    at $n.handleAndLogRequestError (C:\Users\fuelcore\backend\node_modules\@prisma\client\runtime\library.js:121:6623)
    at $n.request (C:\Users\fuelcore\backend\node_modules\@prisma\client\runtime\library.js:121:6307)
    at l (C:\Users\fuelcore\backend\node_modules\@prisma\client\runtime\library.js:130:9633)
    at AnalyticsService.getDemandForecast (C:\Users\fuelcore\backend\src\modules\analytics\analytics.service.ts:122:14)
    at AnalyticsController.getDemandForecast (C:\Users\fuelcore\backend\src\modules\analytics\analytics.controller.ts:17:30)
{
  "statusCode": 500,
  "path": "/api/v1/analytics/demand-forecast",
  "method": "GET",
  "userId": "a84e0895-fd6c-474c-ba71-96724d2a5af7"
}
2026-06-18 13:24:18 [info]: ✅ Cron jobs initialized
2026-06-18 13:24:18 [info]: ✅ PostgreSQL connected
2026-06-18 13:24:18 [warn]: ⚠️  Redis unavailable — using in-memory fallback (not for production)
2026-06-18 13:24:18 [info]: 🚀 FuelCore API running on port 3000 [development]
2026-06-18 13:24:59 [info]: ✅ Cron jobs initialized
2026-06-18 13:24:59 [info]: ✅ PostgreSQL connected
2026-06-18 13:24:59 [warn]: ⚠️  Redis unavailable — using in-memory fallback (not for production)
2026-06-18 13:24:59 [info]: 🚀 FuelCore API running on port 3000 [development]
2026-06-18 13:25:25 [info]: ✅ Cron jobs initialized
2026-06-18 13:25:25 [info]: ✅ PostgreSQL connected
2026-06-18 13:25:25 [warn]: ⚠️  Redis unavailable — using in-memory fallback (not for production)
2026-06-18 13:25:25 [info]: 🚀 FuelCore API running on port 3000 [development]
2026-06-18 13:25:45 [info]: ✅ Cron jobs initialized
2026-06-18 13:25:45 [info]: ✅ PostgreSQL connected
2026-06-18 13:25:45 [warn]: ⚠️  Redis unavailable — using in-memory fallback (not for production)
2026-06-18 13:25:45 [info]: 🚀 FuelCore API running on port 3000 [development]
2026-06-18 13:29:13 [info]: ✅ Cron jobs initialized
2026-06-18 13:29:13 [info]: 📦 Serving frontend from C:\Users\fuelcore\frontend\dist
2026-06-18 13:29:13 [info]: ✅ PostgreSQL connected
2026-06-18 13:29:13 [warn]: ⚠️  Redis unavailable — using in-memory fallback (not for production)
2026-06-18 13:29:13 [info]: 🚀 FuelCore API running on port 3000 [development]
2026-06-18 13:38:45 [error]: PrismaClientValidationError: 
Invalid `prisma.stationSettings.findUnique()` invocation in
C:\Users\fuelcore\backend\src\modules\settings\settings.service.ts:7:51

  4 
  5 export class SettingsService {
  6   async getStationSettings(stationId: string) {
→ 7     const settings = await prisma.stationSettings.findUnique({
          where: {
        +   stationId: String
          },
          include: {
            station: {
              select: {
                id: true,
                name: true,
                address: true,
                city: true,
                state: true,
                phone: true,
                email: true,
                logoUrl: true
              }
            }
          }
        })

Argument `stationId` must not be null.
    at wn (C:\Users\fuelcore\backend\node_modules\@prisma\client\runtime\library.js:29:1363)
    at $n.handleRequestError (C:\Users\fuelcore\backend\node_modules\@prisma\client\runtime\library.js:121:6958)
    at $n.handleAndLogRequestError (C:\Users\fuelcore\backend\node_modules\@prisma\client\runtime\library.js:121:6623)
    at $n.request (C:\Users\fuelcore\backend\node_modules\@prisma\client\runtime\library.js:121:6307)
    at l (C:\Users\fuelcore\backend\node_modules\@prisma\client\runtime\library.js:130:9633)
    at SettingsService.getStationSettings (C:\Users\fuelcore\backend\src\modules\settings\settings.service.ts:7:22)
    at SettingsController.getSettings (C:\Users\fuelcore\backend\src\modules\settings\settings.controller.ts:9:30)
{
  "statusCode": 500,
  "path": "/api/v1/settings",
  "method": "GET",
  "userId": "a84e0895-fd6c-474c-ba71-96724d2a5af7"
}
2026-06-18 13:38:46 [error]: PrismaClientValidationError: 
Invalid `prisma.stationSettings.findUnique()` invocation in
C:\Users\fuelcore\backend\src\modules\settings\settings.service.ts:7:51

  4 
  5 export class SettingsService {
  6   async getStationSettings(stationId: string) {
→ 7     const settings = await prisma.stationSettings.findUnique({
          where: {
        +   stationId: String
          },
          include: {
            station: {
              select: {
                id: true,
                name: true,
                address: true,
                city: true,
                state: true,
                phone: true,
                email: true,
                logoUrl: true
              }
            }
          }
        })

Argument `stationId` must not be null.
    at wn (C:\Users\fuelcore\backend\node_modules\@prisma\client\runtime\library.js:29:1363)
    at $n.handleRequestError (C:\Users\fuelcore\backend\node_modules\@prisma\client\runtime\library.js:121:6958)
    at $n.handleAndLogRequestError (C:\Users\fuelcore\backend\node_modules\@prisma\client\runtime\library.js:121:6623)
    at $n.request (C:\Users\fuelcore\backend\node_modules\@prisma\client\runtime\library.js:121:6307)
    at l (C:\Users\fuelcore\backend\node_modules\@prisma\client\runtime\library.js:130:9633)
    at SettingsService.getStationSettings (C:\Users\fuelcore\backend\src\modules\settings\settings.service.ts:7:22)
    at SettingsController.getSettings (C:\Users\fuelcore\backend\src\modules\settings\settings.controller.ts:9:30)
{
  "statusCode": 500,
  "path": "/api/v1/settings",
  "method": "GET",
  "userId": "a84e0895-fd6c-474c-ba71-96724d2a5af7"
}
2026-06-18 13:47:40 [info]: ✅ Cron jobs initialized
2026-06-18 13:47:40 [info]: 📦 Serving frontend from C:\Users\fuelcore\frontend\dist
2026-06-18 13:47:40 [info]: ✅ PostgreSQL connected
2026-06-18 13:47:40 [warn]: ⚠️  Redis unavailable — using in-memory fallback (not for production)
2026-06-18 13:47:40 [info]: 🚀 FuelCore API running on port 3000 [development]
2026-06-18 13:47:45 [info]: ✅ Cron jobs initialized
2026-06-18 13:47:45 [info]: 📦 Serving frontend from C:\Users\fuelcore\frontend\dist
2026-06-18 13:47:45 [info]: ✅ PostgreSQL connected
2026-06-18 13:47:45 [warn]: ⚠️  Redis unavailable — using in-memory fallback (not for production)
2026-06-18 13:47:45 [info]: 🚀 FuelCore API running on port 3000 [development]
2026-06-18 13:47:50 [info]: ✅ Cron jobs initialized
2026-06-18 13:47:50 [info]: 📦 Serving frontend from C:\Users\fuelcore\frontend\dist
2026-06-18 13:47:51 [info]: ✅ PostgreSQL connected
2026-06-18 13:47:51 [warn]: ⚠️  Redis unavailable — using in-memory fallback (not for production)
2026-06-18 13:47:51 [info]: 🚀 FuelCore API running on port 3000 [development]
2026-06-18 13:47:57 [info]: ✅ Cron jobs initialized
2026-06-18 13:47:57 [info]: 📦 Serving frontend from C:\Users\fuelcore\frontend\dist
2026-06-18 13:47:57 [info]: ✅ PostgreSQL connected
2026-06-18 13:47:57 [warn]: ⚠️  Redis unavailable — using in-memory fallback (not for production)
2026-06-18 13:47:57 [info]: 🚀 FuelCore API running on port 3000 [development]
2026-06-18 13:49:37 [warn]: Client Error Invalid token
{
  "statusCode": 401,
  "path": "/api/v1/notifications/unread-count",
  "method": "GET"
}
2026-06-18 14:04:38 [warn]: Client Error Invalid token
{
  "statusCode": 401,
  "path": "/api/v1/notifications/unread-count",
  "method": "GET"
}
2026-06-18 14:07:14 [warn]: Client Error Email already exists
{
  "statusCode": 409,
  "path": "/api/v1/employees",
  "method": "POST"
}
2026-06-18 14:07:20 [warn]: Client Error Email already exists
{
  "statusCode": 409,
  "path": "/api/v1/employees",
  "method": "POST"
}
2026-06-18 14:19:02 [info]: ✅ Cron jobs initialized
2026-06-18 14:19:02 [info]: 📦 Serving frontend from C:\Users\fuelcore\frontend\dist
2026-06-18 14:19:02 [info]: ✅ PostgreSQL connected
2026-06-18 14:19:02 [warn]: ⚠️  Redis unavailable — using in-memory fallback (not for production)
2026-06-18 14:19:02 [info]: 🚀 FuelCore API running on port 3000 [development]
2026-06-18 14:19:40 [warn]: Client Error Invalid token
{
  "statusCode": 401,
  "path": "/api/v1/notifications/unread-count",
  "method": "GET"
}
2026-06-18 14:19:40 [warn]: Client Error Invalid token
{
  "statusCode": 401,
  "path": "/api/v1/auth/me",
  "method": "GET"
}
2026-06-18 14:19:40 [warn]: Client Error Invalid token
{
  "statusCode": 401,
  "path": "/api/v1/dashboard/stats",
  "method": "GET"
}
2026-06-18 14:19:40 [warn]: Client Error Invalid token
{
  "statusCode": 401,
  "path": "/api/v1/dashboard/charts",
  "method": "GET"
}
2026-06-18 14:19:40 [warn]: Client Error Invalid token
{
  "statusCode": 401,
  "path": "/api/v1/dashboard/recent-sales",
  "method": "GET"
}
2026-06-18 14:19:40 [warn]: Client Error Invalid token
{
  "statusCode": 401,
  "path": "/api/v1/dashboard/alerts",
  "method": "GET"
}
2026-06-18 14:19:40 [warn]: Client Error Refresh token expired or revoked
{
  "statusCode": 401,
  "path": "/api/v1/auth/refresh",
  "method": "POST"
}
2026-06-18 14:19:46 [warn]: Client Error Invalid token
{
  "statusCode": 401,
  "path": "/api/v1/auth/logout",
  "method": "POST"
}
2026-06-18 14:20:08 [warn]: Client Error Invalid token
{
  "statusCode": 401,
  "path": "/api/v1/auth/logout",
  "method": "POST"
}
2026-06-18 14:20:18 [warn]: Client Error Invalid token
{
  "statusCode": 401,
  "path": "/api/v1/auth/me",
  "method": "GET"
}
2026-06-18 14:20:18 [warn]: Client Error Refresh token expired or revoked
{
  "statusCode": 401,
  "path": "/api/v1/auth/refresh",
  "method": "POST"
}
2026-06-18 14:37:25 [warn]: Client Error Invalid token
{
  "statusCode": 401,
  "path": "/api/v1/notifications/unread-count",
  "method": "GET"
}
2026-06-18 14:53:28 [warn]: Client Error Invalid token
{
  "statusCode": 401,
  "path": "/api/v1/notifications/unread-count",
  "method": "GET"
}
2026-06-18 15:08:54 [warn]: Client Error Invalid token
{
  "statusCode": 401,
  "path": "/api/v1/notifications/unread-count",
  "method": "GET"
}
2026-06-18 15:24:05 [warn]: Client Error Invalid token
{
  "statusCode": 401,
  "path": "/api/v1/notifications/unread-count",
  "method": "GET"
}
2026-06-18 15:48:29 [warn]: Client Error Invalid token
{
  "statusCode": 401,
  "path": "/api/v1/notifications/unread-count",
  "method": "GET"
}
2026-06-18 20:04:21 [info]: ✅ Cron jobs initialized
2026-06-18 20:04:21 [info]: 📦 Serving frontend from C:\Users\Dell\Desktop\fuelcore\frontend\dist
2026-06-18 20:04:21 [info]: ✅ PostgreSQL connected
2026-06-18 20:04:21 [warn]: ⚠️  Redis unavailable — using in-memory fallback (not for production)
2026-06-18 20:04:21 [info]: 🚀 FuelCore API running on port 3000 [development]
2026-06-19 05:48:12 [info]: ✅ Cron jobs initialized
2026-06-19 05:48:12 [info]: 📦 Serving frontend from C:\Users\Dell\Desktop\fuelcore\frontend\dist
2026-06-19 05:48:13 [info]: ✅ PostgreSQL connected
2026-06-19 05:48:13 [warn]: ⚠️  Redis unavailable — using in-memory fallback (not for production)
2026-06-19 05:48:13 [info]: 🚀 FuelCore API running on port 3000 [development]
2026-06-19 05:49:13 [info]: ✅ Cron jobs initialized
2026-06-19 05:49:13 [info]: 📦 Serving frontend from C:\Users\Dell\Desktop\fuelcore\frontend\dist
2026-06-19 05:49:13 [info]: ✅ PostgreSQL connected
2026-06-19 05:49:13 [warn]: ⚠️  Redis unavailable — using in-memory fallback (not for production)
2026-06-19 05:49:13 [info]: 🚀 FuelCore API running on port 3000 [development]
2026-06-19 08:07:21 [info]: ✅ Cron jobs initialized
2026-06-19 08:07:21 [info]: 📦 Serving frontend from C:\Users\Dell\Desktop\fuelcore\frontend\dist
2026-06-19 08:07:21 [info]: ✅ PostgreSQL connected
2026-06-19 08:07:21 [warn]: ⚠️  Redis unavailable — using in-memory fallback (not for production)
2026-06-19 08:07:21 [info]: 🚀 FuelCore API running on port 3000 [development]
2026-06-19 08:34:11 [info]: ✅ Cron jobs initialized
2026-06-19 08:34:11 [info]: 📦 Serving frontend from C:\Users\Dell\Desktop\fuelcore\frontend\dist
2026-06-19 08:34:12 [info]: ✅ PostgreSQL connected
2026-06-19 08:34:12 [warn]: ⚠️  Redis unavailable — using in-memory fallback (not for production)
2026-06-19 08:34:12 [info]: 🚀 FuelCore API running on port 3000 [development]
2026-06-19 08:34:21 [warn]: Client Error Invalid token
{
  "statusCode": 401,
  "path": "/api/v1/notifications/unread-count",
  "method": "GET"
}
2026-06-19 08:34:21 [warn]: Client Error Invalid token
{
  "statusCode": 401,
  "path": "/api/v1/auth/me",
  "method": "GET"
}
2026-06-19 08:34:21 [warn]: Client Error Invalid token
{
  "statusCode": 401,
  "path": "/api/v1/auth/me",
  "method": "GET"
}
2026-06-19 08:34:21 [warn]: Client Error Invalid token
{
  "statusCode": 401,
  "path": "/api/v1/dashboard/stats",
  "method": "GET"
}
2026-06-19 08:34:21 [warn]: Client Error Invalid token
{
  "statusCode": 401,
  "path": "/api/v1/dashboard/charts",
  "method": "GET"
}
2026-06-19 08:34:21 [warn]: Client Error Invalid token
{
  "statusCode": 401,
  "path": "/api/v1/dashboard/recent-sales",
  "method": "GET"
}
2026-06-19 08:34:21 [warn]: Client Error Invalid token
{
  "statusCode": 401,
  "path": "/api/v1/dashboard/alerts",
  "method": "GET"
}
2026-06-19 08:45:10 [warn]: Client Error Invalid token
{
  "statusCode": 401,
  "path": "/api/v1/notifications/unread-count",
  "method": "GET"
}
2026-06-19 08:45:10 [warn]: Client Error Invalid token
{
  "statusCode": 401,
  "path": "/api/v1/auth/me",
  "method": "GET"
}
2026-06-19 08:45:10 [warn]: Client Error Invalid token
{
  "statusCode": 401,
  "path": "/api/v1/auth/me",
  "method": "GET"
}
2026-06-19 08:45:10 [warn]: Client Error Invalid token
{
  "statusCode": 401,
  "path": "/api/v1/dashboard/stats",
  "method": "GET"
}
2026-06-19 08:45:10 [warn]: Client Error Invalid token
{
  "statusCode": 401,
  "path": "/api/v1/dashboard/charts",
  "method": "GET"
}
2026-06-19 08:45:10 [warn]: Client Error Invalid token
{
  "statusCode": 401,
  "path": "/api/v1/dashboard/recent-sales",
  "method": "GET"
}
2026-06-19 08:45:10 [warn]: Client Error Invalid token
{
  "statusCode": 401,
  "path": "/api/v1/dashboard/alerts",
  "method": "GET"
}
2026-06-19 08:45:10 [warn]: Client Error Invalid token
{
  "statusCode": 401,
  "path": "/api/v1/auth/logout",
  "method": "POST"
}
2026-06-19 08:45:43 [warn]: Client Error Invalid credentials
{
  "statusCode": 401,
  "path": "/api/v1/auth/login",
  "method": "POST"
}
2026-06-19 08:45:43 [warn]: Client Error No token provided
{
  "statusCode": 401,
  "path": "/api/v1/auth/logout",
  "method": "POST"
}
2026-06-19 08:48:28 [warn]: Client Error Invalid credentials
{
  "statusCode": 401,
  "path": "/api/v1/auth/login",
  "method": "POST"
}
2026-06-19 08:48:29 [warn]: Client Error No token provided
{
  "statusCode": 401,
  "path": "/api/v1/auth/logout",
  "method": "POST"
}
2026-06-19 08:58:37 [warn]: Client Error Invalid token
{
  "statusCode": 401,
  "path": "/api/v1/notifications/unread-count",
  "method": "GET"
}
2026-06-19 08:59:43 [info]: ✅ Cron jobs initialized
2026-06-19 08:59:43 [info]: 📦 Serving frontend from C:\Users\Dell\Desktop\fuelcore\frontend\dist
2026-06-19 08:59:43 [info]: ✅ PostgreSQL connected
2026-06-19 08:59:43 [warn]: ⚠️  Redis unavailable — using in-memory fallback (not for production)
2026-06-19 08:59:43 [info]: 🚀 FuelCore API running on port 3000 [development]
2026-06-19 09:00:50 [error]: PrismaClientValidationError: 
Invalid `prisma.pump.findFirst()` invocation in
C:\Users\Dell\Desktop\fuelcore\backend\src\modules\sales\sales.service.ts:12:36

   9 export class SalesService {
  10   async createSale(data: CreateSaleInput, employeeId: string, stationId: string) {
  11     // 1. Validate pump
→ 12     const pump = await prisma.pump.findFirst({
           where: {
             id: "7e99beca-6e26-4ef7-acf0-13618a187735",
             isActive: true,
         +   stationId: {
         +     equals: String | StringFieldRefInput,
         +     in: String[] | ListStringFieldRefInput,
         +     notIn: String[] | ListStringFieldRefInput,
         +     lt: String | StringFieldRefInput,
         +     lte: String | StringFieldRefInput,
         +     gt: String | StringFieldRefInput,
         +     gte: String | StringFieldRefInput,
         +     contains: String | StringFieldRefInput,
         +     startsWith: String | StringFieldRefInput,
         +     endsWith: String | StringFieldRefInput,
         +     mode: QueryMode,
         +     not: String | NestedStringFilter
         +   }
           },
           include: {
             tank: true,
             station: {
               include: {
                 settings: true
               }
             }
           }
         })

Argument `stationId` must not be null.
    at wn (C:\Users\Dell\Desktop\fuelcore\backend\node_modules\@prisma\client\runtime\library.js:29:1363)
    at $n.handleRequestError (C:\Users\Dell\Desktop\fuelcore\backend\node_modules\@prisma\client\runtime\library.js:121:6958)
    at $n.handleAndLogRequestError (C:\Users\Dell\Desktop\fuelcore\backend\node_modules\@prisma\client\runtime\library.js:121:6623)
    at $n.request (C:\Users\Dell\Desktop\fuelcore\backend\node_modules\@prisma\client\runtime\library.js:121:6307)
    at l (C:\Users\Dell\Desktop\fuelcore\backend\node_modules\@prisma\client\runtime\library.js:130:9633)
    at SalesService.createSale (C:\Users\Dell\Desktop\fuelcore\backend\src\modules\sales\sales.service.ts:12:18)
    at SalesController.createSale (C:\Users\Dell\Desktop\fuelcore\backend\src\modules\sales\sales.controller.ts:8:18)
{
  "statusCode": 500,
  "path": "/api/v1/sales",
  "method": "POST",
  "userId": "f4d45cbe-598c-4e65-95c3-e94e0e354561"
}
2026-06-19 09:01:05 [error]: PrismaClientValidationError: 
Invalid `prisma.pump.findFirst()` invocation in
C:\Users\Dell\Desktop\fuelcore\backend\src\modules\sales\sales.service.ts:12:36

   9 export class SalesService {
  10   async createSale(data: CreateSaleInput, employeeId: string, stationId: string) {
  11     // 1. Validate pump
→ 12     const pump = await prisma.pump.findFirst({
           where: {
             id: "7e99beca-6e26-4ef7-acf0-13618a187735",
             isActive: true,
         +   stationId: {
         +     equals: String | StringFieldRefInput,
         +     in: String[] | ListStringFieldRefInput,
         +     notIn: String[] | ListStringFieldRefInput,
         +     lt: String | StringFieldRefInput,
         +     lte: String | StringFieldRefInput,
         +     gt: String | StringFieldRefInput,
         +     gte: String | StringFieldRefInput,
         +     contains: String | StringFieldRefInput,
         +     startsWith: String | StringFieldRefInput,
         +     endsWith: String | StringFieldRefInput,
         +     mode: QueryMode,
         +     not: String | NestedStringFilter
         +   }
           },
           include: {
             tank: true,
             station: {
               include: {
                 settings: true
               }
             }
           }
         })

Argument `stationId` must not be null.
    at wn (C:\Users\Dell\Desktop\fuelcore\backend\node_modules\@prisma\client\runtime\library.js:29:1363)
    at $n.handleRequestError (C:\Users\Dell\Desktop\fuelcore\backend\node_modules\@prisma\client\runtime\library.js:121:6958)
    at $n.handleAndLogRequestError (C:\Users\Dell\Desktop\fuelcore\backend\node_modules\@prisma\client\runtime\library.js:121:6623)
    at $n.request (C:\Users\Dell\Desktop\fuelcore\backend\node_modules\@prisma\client\runtime\library.js:121:6307)
    at l (C:\Users\Dell\Desktop\fuelcore\backend\node_modules\@prisma\client\runtime\library.js:130:9633)
    at SalesService.createSale (C:\Users\Dell\Desktop\fuelcore\backend\src\modules\sales\sales.service.ts:12:18)
    at SalesController.createSale (C:\Users\Dell\Desktop\fuelcore\backend\src\modules\sales\sales.controller.ts:8:18)
{
  "statusCode": 500,
  "path": "/api/v1/sales",
  "method": "POST",
  "userId": "f4d45cbe-598c-4e65-95c3-e94e0e354561"
}
2026-06-19 09:01:29 [error]: PrismaClientValidationError: 
Invalid `prisma.pump.findFirst()` invocation in
C:\Users\Dell\Desktop\fuelcore\backend\src\modules\sales\sales.service.ts:12:36

   9 export class SalesService {
  10   async createSale(data: CreateSaleInput, employeeId: string, stationId: string) {
  11     // 1. Validate pump
→ 12     const pump = await prisma.pump.findFirst({
           where: {
             id: "7e99beca-6e26-4ef7-acf0-13618a187735",
             isActive: true,
         +   stationId: {
         +     equals: String | StringFieldRefInput,
         +     in: String[] | ListStringFieldRefInput,
         +     notIn: String[] | ListStringFieldRefInput,
         +     lt: String | StringFieldRefInput,
         +     lte: String | StringFieldRefInput,
         +     gt: String | StringFieldRefInput,
         +     gte: String | StringFieldRefInput,
         +     contains: String | StringFieldRefInput,
         +     startsWith: String | StringFieldRefInput,
         +     endsWith: String | StringFieldRefInput,
         +     mode: QueryMode,
         +     not: String | NestedStringFilter
         +   }
           },
           include: {
             tank: true,
             station: {
               include: {
                 settings: true
               }
             }
           }
         })

Argument `stationId` must not be null.
    at wn (C:\Users\Dell\Desktop\fuelcore\backend\node_modules\@prisma\client\runtime\library.js:29:1363)
    at $n.handleRequestError (C:\Users\Dell\Desktop\fuelcore\backend\node_modules\@prisma\client\runtime\library.js:121:6958)
    at $n.handleAndLogRequestError (C:\Users\Dell\Desktop\fuelcore\backend\node_modules\@prisma\client\runtime\library.js:121:6623)
    at $n.request (C:\Users\Dell\Desktop\fuelcore\backend\node_modules\@prisma\client\runtime\library.js:121:6307)
    at l (C:\Users\Dell\Desktop\fuelcore\backend\node_modules\@prisma\client\runtime\library.js:130:9633)
    at SalesService.createSale (C:\Users\Dell\Desktop\fuelcore\backend\src\modules\sales\sales.service.ts:12:18)
    at SalesController.createSale (C:\Users\Dell\Desktop\fuelcore\backend\src\modules\sales\sales.controller.ts:8:18)
{
  "statusCode": 500,
  "path": "/api/v1/sales",
  "method": "POST",
  "userId": "f4d45cbe-598c-4e65-95c3-e94e0e354561"
}
2026-06-19 09:01:31 [error]: PrismaClientValidationError: 
Invalid `prisma.pump.findFirst()` invocation in
C:\Users\Dell\Desktop\fuelcore\backend\src\modules\sales\sales.service.ts:12:36

   9 export class SalesService {
  10   async createSale(data: CreateSaleInput, employeeId: string, stationId: string) {
  11     // 1. Validate pump
→ 12     const pump = await prisma.pump.findFirst({
           where: {
             id: "7e99beca-6e26-4ef7-acf0-13618a187735",
             isActive: true,
         +   stationId: {
         +     equals: String | StringFieldRefInput,
         +     in: String[] | ListStringFieldRefInput,
         +     notIn: String[] | ListStringFieldRefInput,
         +     lt: String | StringFieldRefInput,
         +     lte: String | StringFieldRefInput,
         +     gt: String | StringFieldRefInput,
         +     gte: String | StringFieldRefInput,
         +     contains: String | StringFieldRefInput,
         +     startsWith: String | StringFieldRefInput,
         +     endsWith: String | StringFieldRefInput,
         +     mode: QueryMode,
         +     not: String | NestedStringFilter
         +   }
           },
           include: {
             tank: true,
             station: {
               include: {
                 settings: true
               }
             }
           }
         })

Argument `stationId` must not be null.
    at wn (C:\Users\Dell\Desktop\fuelcore\backend\node_modules\@prisma\client\runtime\library.js:29:1363)
    at $n.handleRequestError (C:\Users\Dell\Desktop\fuelcore\backend\node_modules\@prisma\client\runtime\library.js:121:6958)
    at $n.handleAndLogRequestError (C:\Users\Dell\Desktop\fuelcore\backend\node_modules\@prisma\client\runtime\library.js:121:6623)
    at $n.request (C:\Users\Dell\Desktop\fuelcore\backend\node_modules\@prisma\client\runtime\library.js:121:6307)
    at l (C:\Users\Dell\Desktop\fuelcore\backend\node_modules\@prisma\client\runtime\library.js:130:9633)
    at SalesService.createSale (C:\Users\Dell\Desktop\fuelcore\backend\src\modules\sales\sales.service.ts:12:18)
    at SalesController.createSale (C:\Users\Dell\Desktop\fuelcore\backend\src\modules\sales\sales.controller.ts:8:18)
{
  "statusCode": 500,
  "path": "/api/v1/sales",
  "method": "POST",
  "userId": "f4d45cbe-598c-4e65-95c3-e94e0e354561"
}
2026-06-19 09:01:41 [error]: PrismaClientValidationError: 
Invalid `prisma.pump.findFirst()` invocation in
C:\Users\Dell\Desktop\fuelcore\backend\src\modules\sales\sales.service.ts:12:36

   9 export class SalesService {
  10   async createSale(data: CreateSaleInput, employeeId: string, stationId: string) {
  11     // 1. Validate pump
→ 12     const pump = await prisma.pump.findFirst({
           where: {
             id: "7e99beca-6e26-4ef7-acf0-13618a187735",
             isActive: true,
         +   stationId: {
         +     equals: String | StringFieldRefInput,
         +     in: String[] | ListStringFieldRefInput,
         +     notIn: String[] | ListStringFieldRefInput,
         +     lt: String | StringFieldRefInput,
         +     lte: String | StringFieldRefInput,
         +     gt: String | StringFieldRefInput,
         +     gte: String | StringFieldRefInput,
         +     contains: String | StringFieldRefInput,
         +     startsWith: String | StringFieldRefInput,
         +     endsWith: String | StringFieldRefInput,
         +     mode: QueryMode,
         +     not: String | NestedStringFilter
         +   }
           },
           include: {
             tank: true,
             station: {
               include: {
                 settings: true
               }
             }
           }
         })

Argument `stationId` must not be null.
    at wn (C:\Users\Dell\Desktop\fuelcore\backend\node_modules\@prisma\client\runtime\library.js:29:1363)
    at $n.handleRequestError (C:\Users\Dell\Desktop\fuelcore\backend\node_modules\@prisma\client\runtime\library.js:121:6958)
    at $n.handleAndLogRequestError (C:\Users\Dell\Desktop\fuelcore\backend\node_modules\@prisma\client\runtime\library.js:121:6623)
    at $n.request (C:\Users\Dell\Desktop\fuelcore\backend\node_modules\@prisma\client\runtime\library.js:121:6307)
    at l (C:\Users\Dell\Desktop\fuelcore\backend\node_modules\@prisma\client\runtime\library.js:130:9633)
    at SalesService.createSale (C:\Users\Dell\Desktop\fuelcore\backend\src\modules\sales\sales.service.ts:12:18)
    at SalesController.createSale (C:\Users\Dell\Desktop\fuelcore\backend\src\modules\sales\sales.controller.ts:8:18)
{
  "statusCode": 500,
  "path": "/api/v1/sales",
  "method": "POST",
  "userId": "f4d45cbe-598c-4e65-95c3-e94e0e354561"
}
2026-06-19 09:03:37 [info]: ✅ Cron jobs initialized
2026-06-19 09:03:37 [info]: 📦 Serving frontend from C:\Users\Dell\Desktop\fuelcore\frontend\dist
2026-06-19 09:03:37 [info]: ✅ PostgreSQL connected
2026-06-19 09:03:37 [warn]: ⚠️  Redis unavailable — using in-memory fallback (not for production)
2026-06-19 09:03:37 [info]: 🚀 FuelCore API running on port 3000 [development]
2026-06-19 09:04:21 [error]: PrismaClientValidationError: 
Invalid `prisma.pump.findFirst()` invocation in
C:\Users\Dell\Desktop\fuelcore\backend\src\modules\sales\sales.service.ts:12:36

   9 export class SalesService {
  10   async createSale(data: CreateSaleInput, employeeId: string, stationId: string) {
  11     // 1. Validate pump
→ 12     const pump = await prisma.pump.findFirst({
           where: {
             id: "7e99beca-6e26-4ef7-acf0-13618a187735",
             isActive: true,
         +   stationId: {
         +     equals: String | StringFieldRefInput,
         +     in: String[] | ListStringFieldRefInput,
         +     notIn: String[] | ListStringFieldRefInput,
         +     lt: String | StringFieldRefInput,
         +     lte: String | StringFieldRefInput,
         +     gt: String | StringFieldRefInput,
         +     gte: String | StringFieldRefInput,
         +     contains: String | StringFieldRefInput,
         +     startsWith: String | StringFieldRefInput,
         +     endsWith: String | StringFieldRefInput,
         +     mode: QueryMode,
         +     not: String | NestedStringFilter
         +   }
           },
           include: {
             tank: true,
             station: {
               include: {
                 settings: true
               }
             }
           }
         })

Argument `stationId` must not be null.
    at wn (C:\Users\Dell\Desktop\fuelcore\backend\node_modules\@prisma\client\runtime\library.js:29:1363)
    at $n.handleRequestError (C:\Users\Dell\Desktop\fuelcore\backend\node_modules\@prisma\client\runtime\library.js:121:6958)
    at $n.handleAndLogRequestError (C:\Users\Dell\Desktop\fuelcore\backend\node_modules\@prisma\client\runtime\library.js:121:6623)
    at $n.request (C:\Users\Dell\Desktop\fuelcore\backend\node_modules\@prisma\client\runtime\library.js:121:6307)
    at l (C:\Users\Dell\Desktop\fuelcore\backend\node_modules\@prisma\client\runtime\library.js:130:9633)
    at SalesService.createSale (C:\Users\Dell\Desktop\fuelcore\backend\src\modules\sales\sales.service.ts:12:18)
    at SalesController.createSale (C:\Users\Dell\Desktop\fuelcore\backend\src\modules\sales\sales.controller.ts:8:18)
{
  "statusCode": 500,
  "path": "/api/v1/sales",
  "method": "POST",
  "userId": "f4d45cbe-598c-4e65-95c3-e94e0e354561"
}
2026-06-19 09:04:24 [error]: PrismaClientValidationError: 
Invalid `prisma.pump.findFirst()` invocation in
C:\Users\Dell\Desktop\fuelcore\backend\src\modules\sales\sales.service.ts:12:36

   9 export class SalesService {
  10   async createSale(data: CreateSaleInput, employeeId: string, stationId: string) {
  11     // 1. Validate pump
→ 12     const pump = await prisma.pump.findFirst({
           where: {
             id: "7e99beca-6e26-4ef7-acf0-13618a187735",
             isActive: true,
         +   stationId: {
         +     equals: String | StringFieldRefInput,
         +     in: String[] | ListStringFieldRefInput,
         +     notIn: String[] | ListStringFieldRefInput,
         +     lt: String | StringFieldRefInput,
         +     lte: String | StringFieldRefInput,
         +     gt: String | StringFieldRefInput,
         +     gte: String | StringFieldRefInput,
         +     contains: String | StringFieldRefInput,
         +     startsWith: String | StringFieldRefInput,
         +     endsWith: String | StringFieldRefInput,
         +     mode: QueryMode,
         +     not: String | NestedStringFilter
         +   }
           },
           include: {
             tank: true,
             station: {
               include: {
                 settings: true
               }
             }
           }
         })

Argument `stationId` must not be null.
    at wn (C:\Users\Dell\Desktop\fuelcore\backend\node_modules\@prisma\client\runtime\library.js:29:1363)
    at $n.handleRequestError (C:\Users\Dell\Desktop\fuelcore\backend\node_modules\@prisma\client\runtime\library.js:121:6958)
    at $n.handleAndLogRequestError (C:\Users\Dell\Desktop\fuelcore\backend\node_modules\@prisma\client\runtime\library.js:121:6623)
    at $n.request (C:\Users\Dell\Desktop\fuelcore\backend\node_modules\@prisma\client\runtime\library.js:121:6307)
    at l (C:\Users\Dell\Desktop\fuelcore\backend\node_modules\@prisma\client\runtime\library.js:130:9633)
    at SalesService.createSale (C:\Users\Dell\Desktop\fuelcore\backend\src\modules\sales\sales.service.ts:12:18)
    at SalesController.createSale (C:\Users\Dell\Desktop\fuelcore\backend\src\modules\sales\sales.controller.ts:8:18)
{
  "statusCode": 500,
  "path": "/api/v1/sales",
  "method": "POST",
  "userId": "f4d45cbe-598c-4e65-95c3-e94e0e354561"
}
2026-06-19 09:04:39 [warn]: Client Error Invalid token
{
  "statusCode": 401,
  "path": "/api/v1/notifications/unread-count",
  "method": "GET"
}
2026-06-19 09:06:40 [info]: ✅ Cron jobs initialized
2026-06-19 09:06:40 [info]: 📦 Serving frontend from C:\Users\Dell\Desktop\fuelcore\frontend\dist
2026-06-19 09:06:40 [info]: ✅ PostgreSQL connected
2026-06-19 09:06:40 [warn]: ⚠️  Redis unavailable — using in-memory fallback (not for production)
2026-06-19 09:06:40 [info]: 🚀 FuelCore API running on port 3000 [development]
2026-06-19 09:06:48 [info]: ✅ Cron jobs initialized
2026-06-19 09:06:48 [info]: 📦 Serving frontend from C:\Users\Dell\Desktop\fuelcore\frontend\dist
2026-06-19 09:06:48 [info]: ✅ PostgreSQL connected
2026-06-19 09:06:48 [warn]: ⚠️  Redis unavailable — using in-memory fallback (not for production)
2026-06-19 09:06:48 [info]: 🚀 FuelCore API running on port 3000 [development]
2026-06-19 09:32:19 [info]: ✅ Cron jobs initialized
2026-06-19 09:32:19 [info]: 📦 Serving frontend from C:\Users\Dell\Desktop\fuelcore\frontend\dist
2026-06-19 09:32:19 [info]: ✅ PostgreSQL connected
2026-06-19 09:32:19 [warn]: ⚠️  Redis unavailable — using in-memory fallback (not for production)
2026-06-19 09:32:19 [info]: 🚀 FuelCore API running on port 3000 [development]
2026-06-19 09:32:24 [warn]: Client Error Invalid token
{
  "statusCode": 401,
  "path": "/api/v1/notifications/unread-count",
  "method": "GET"
}
2026-06-19 09:32:24 [warn]: Client Error Invalid token
{
  "statusCode": 401,
  "path": "/api/v1/auth/me",
  "method": "GET"
}
2026-06-19 09:32:24 [warn]: Client Error Invalid token
{
  "statusCode": 401,
  "path": "/api/v1/auth/me",
  "method": "GET"
}
2026-06-19 09:32:24 [warn]: Client Error Invalid token
{
  "statusCode": 401,
  "path": "/api/v1/dashboard/stats",
  "method": "GET"
}
2026-06-19 09:32:24 [warn]: Client Error Invalid token
{
  "statusCode": 401,
  "path": "/api/v1/dashboard/charts",
  "method": "GET"
}
2026-06-19 09:32:25 [warn]: Client Error Invalid token
{
  "statusCode": 401,
  "path": "/api/v1/dashboard/recent-sales",
  "method": "GET"
}
2026-06-19 09:32:25 [warn]: Client Error Invalid token
{
  "statusCode": 401,
  "path": "/api/v1/dashboard/alerts",
  "method": "GET"
}
2026-06-19 09:53:59 [warn]: Client Error Invalid token
{
  "statusCode": 401,
  "path": "/api/v1/notifications/unread-count",
  "method": "GET"
}
2026-06-26 19:19:00 [info]: ✅ Cron jobs initialized
2026-06-26 19:19:00 [info]: 📦 Serving frontend from C:\Users\Dell\Desktop\fuelcore\frontend\dist
2026-06-26 19:19:00 [info]: ✅ PostgreSQL connected
2026-06-26 19:19:00 [warn]: ⚠️  Redis unavailable — using in-memory fallback (not for production)
2026-06-26 19:19:00 [info]: 🚀 FuelCore API running on port 3000 [development]
