2026-06-18 13:15:22 [error]: PrismaClientKnownRequestError: 
Invalid `prisma.$queryRaw()` invocation:


Raw query failed. Code: `42703`. Message: `column "company_name" does not exist`
    at $n.handleRequestError (C:\Users\fuelcore\backend\node_modules\@prisma\client\runtime\library.js:121:7315)
    at $n.handleAndLogRequestError (C:\Users\fuelcore\backend\node_modules\@prisma\client\runtime\library.js:121:6623)
    at $n.request (C:\Users\fuelcore\backend\node_modules\@prisma\client\runtime\library.js:121:6307)
    at l (C:\Users\fuelcore\backend\node_modules\@prisma\client\runtime\library.js:130:9633)
    at async Promise.all (index 2)
    at DashboardService.getAlerts (C:\Users\fuelcore\backend\src\modules\dashboard\dashboard.service.ts:148:64)
    at DashboardController.getAlerts (C:\Users\fuelcore\backend\src\modules\dashboard\dashboard.controller.ts:28:18)
{
  "statusCode": 500,
  "path": "/api/v1/dashboard/alerts",
  "method": "GET",
  "userId": "a84e0895-fd6c-474c-ba71-96724d2a5af7"
}
2026-06-18 13:15:22 [error]: PrismaClientKnownRequestError: 
Invalid `prisma.$queryRaw()` invocation:


Raw query failed. Code: `42703`. Message: `column "is_active" does not exist`
    at $n.handleRequestError (C:\Users\fuelcore\backend\node_modules\@prisma\client\runtime\library.js:121:7315)
    at $n.handleAndLogRequestError (C:\Users\fuelcore\backend\node_modules\@prisma\client\runtime\library.js:121:6623)
    at $n.request (C:\Users\fuelcore\backend\node_modules\@prisma\client\runtime\library.js:121:6307)
    at l (C:\Users\fuelcore\backend\node_modules\@prisma\client\runtime\library.js:130:9633)
    at DashboardService.getStats (C:\Users\fuelcore\backend\src\modules\dashboard\dashboard.service.ts:41:24)
    at DashboardController.getStats (C:\Users\fuelcore\backend\src\modules\dashboard\dashboard.controller.ts:12:18)
{
  "statusCode": 500,
  "path": "/api/v1/dashboard/stats",
  "method": "GET",
  "userId": "a84e0895-fd6c-474c-ba71-96724d2a5af7"
}
2026-06-18 13:15:22 [error]: PrismaClientKnownRequestError: 
Invalid `prisma.$queryRaw()` invocation:


Raw query failed. Code: `42703`. Message: `column "created_at" does not exist`
    at $n.handleRequestError (C:\Users\fuelcore\backend\node_modules\@prisma\client\runtime\library.js:121:7315)
    at $n.handleAndLogRequestError (C:\Users\fuelcore\backend\node_modules\@prisma\client\runtime\library.js:121:6623)
    at $n.request (C:\Users\fuelcore\backend\node_modules\@prisma\client\runtime\library.js:121:6307)
    at l (C:\Users\fuelcore\backend\node_modules\@prisma\client\runtime\library.js:130:9633)
    at DashboardService.getCharts (C:\Users\fuelcore\backend\src\modules\dashboard\dashboard.service.ts:102:18)
    at DashboardController.getCharts (C:\Users\fuelcore\backend\src\modules\dashboard\dashboard.controller.ts:18:18)
{
  "statusCode": 500,
  "path": "/api/v1/dashboard/charts",
  "method": "GET",
  "userId": "a84e0895-fd6c-474c-ba71-96724d2a5af7"
}
2026-06-18 13:15:23 [error]: PrismaClientKnownRequestError: 
Invalid `prisma.$queryRaw()` invocation:


Raw query failed. Code: `42703`. Message: `column "company_name" does not exist`
    at $n.handleRequestError (C:\Users\fuelcore\backend\node_modules\@prisma\client\runtime\library.js:121:7315)
    at $n.handleAndLogRequestError (C:\Users\fuelcore\backend\node_modules\@prisma\client\runtime\library.js:121:6623)
    at $n.request (C:\Users\fuelcore\backend\node_modules\@prisma\client\runtime\library.js:121:6307)
    at l (C:\Users\fuelcore\backend\node_modules\@prisma\client\runtime\library.js:130:9633)
    at async Promise.all (index 2)
    at DashboardService.getAlerts (C:\Users\fuelcore\backend\src\modules\dashboard\dashboard.service.ts:148:64)
    at DashboardController.getAlerts (C:\Users\fuelcore\backend\src\modules\dashboard\dashboard.controller.ts:28:18)
{
  "statusCode": 500,
  "path": "/api/v1/dashboard/alerts",
  "method": "GET",
  "userId": "a84e0895-fd6c-474c-ba71-96724d2a5af7"
}
2026-06-18 13:15:24 [error]: PrismaClientKnownRequestError: 
Invalid `prisma.$queryRaw()` invocation:


Raw query failed. Code: `42703`. Message: `column "is_active" does not exist`
    at $n.handleRequestError (C:\Users\fuelcore\backend\node_modules\@prisma\client\runtime\library.js:121:7315)
    at $n.handleAndLogRequestError (C:\Users\fuelcore\backend\node_modules\@prisma\client\runtime\library.js:121:6623)
    at $n.request (C:\Users\fuelcore\backend\node_modules\@prisma\client\runtime\library.js:121:6307)
    at l (C:\Users\fuelcore\backend\node_modules\@prisma\client\runtime\library.js:130:9633)
    at DashboardService.getStats (C:\Users\fuelcore\backend\src\modules\dashboard\dashboard.service.ts:41:24)
    at DashboardController.getStats (C:\Users\fuelcore\backend\src\modules\dashboard\dashboard.controller.ts:12:18)
{
  "statusCode": 500,
  "path": "/api/v1/dashboard/stats",
  "method": "GET",
  "userId": "a84e0895-fd6c-474c-ba71-96724d2a5af7"
}
2026-06-18 13:15:24 [error]: PrismaClientKnownRequestError: 
Invalid `prisma.$queryRaw()` invocation:


Raw query failed. Code: `42703`. Message: `column "created_at" does not exist`
    at $n.handleRequestError (C:\Users\fuelcore\backend\node_modules\@prisma\client\runtime\library.js:121:7315)
    at $n.handleAndLogRequestError (C:\Users\fuelcore\backend\node_modules\@prisma\client\runtime\library.js:121:6623)
    at $n.request (C:\Users\fuelcore\backend\node_modules\@prisma\client\runtime\library.js:121:6307)
    at l (C:\Users\fuelcore\backend\node_modules\@prisma\client\runtime\library.js:130:9633)
    at DashboardService.getCharts (C:\Users\fuelcore\backend\src\modules\dashboard\dashboard.service.ts:102:18)
    at DashboardController.getCharts (C:\Users\fuelcore\backend\src\modules\dashboard\dashboard.controller.ts:18:18)
{
  "statusCode": 500,
  "path": "/api/v1/dashboard/charts",
  "method": "GET",
  "userId": "a84e0895-fd6c-474c-ba71-96724d2a5af7"
}
2026-06-18 13:16:43 [error]: PrismaClientKnownRequestError: 
Invalid `prisma.$queryRaw()` invocation:


Raw query failed. Code: `42703`. Message: `column "created_at" does not exist`
    at $n.handleRequestError (C:\Users\fuelcore\backend\node_modules\@prisma\client\runtime\library.js:121:7315)
    at $n.handleAndLogRequestError (C:\Users\fuelcore\backend\node_modules\@prisma\client\runtime\library.js:121:6623)
    at $n.request (C:\Users\fuelcore\backend\node_modules\@prisma\client\runtime\library.js:121:6307)
    at l (C:\Users\fuelcore\backend\node_modules\@prisma\client\runtime\library.js:130:9633)
    at AnalyticsService.getRevenueTrends (C:\Users\fuelcore\backend\src\modules\analytics\analytics.service.ts:29:14)
    at AnalyticsController.getRevenueTrends (C:\Users\fuelcore\backend\src\modules\analytics\analytics.controller.ts:10:30)
{
  "statusCode": 500,
  "path": "/api/v1/analytics/revenue-trends",
  "method": "GET",
  "userId": "a84e0895-fd6c-474c-ba71-96724d2a5af7"
}
2026-06-18 13:16:43 [error]: PrismaClientKnownRequestError: 
Invalid `prisma.$queryRaw()` invocation:


Raw query failed. Code: `42703`. Message: `column "created_at" does not exist`
    at $n.handleRequestError (C:\Users\fuelcore\backend\node_modules\@prisma\client\runtime\library.js:121:7315)
    at $n.handleAndLogRequestError (C:\Users\fuelcore\backend\node_modules\@prisma\client\runtime\library.js:121:6623)
    at $n.request (C:\Users\fuelcore\backend\node_modules\@prisma\client\runtime\library.js:121:6307)
    at l (C:\Users\fuelcore\backend\node_modules\@prisma\client\runtime\library.js:130:9633)
    at AnalyticsService.getDemandForecast (C:\Users\fuelcore\backend\src\modules\analytics\analytics.service.ts:116:14)
    at AnalyticsController.getDemandForecast (C:\Users\fuelcore\backend\src\modules\analytics\analytics.controller.ts:17:30)
{
  "statusCode": 500,
  "path": "/api/v1/analytics/demand-forecast",
  "method": "GET",
  "userId": "a84e0895-fd6c-474c-ba71-96724d2a5af7"
}
2026-06-18 13:16:44 [error]: PrismaClientKnownRequestError: 
Invalid `prisma.$queryRaw()` invocation:


Raw query failed. Code: `42703`. Message: `column "created_at" does not exist`
    at $n.handleRequestError (C:\Users\fuelcore\backend\node_modules\@prisma\client\runtime\library.js:121:7315)
    at $n.handleAndLogRequestError (C:\Users\fuelcore\backend\node_modules\@prisma\client\runtime\library.js:121:6623)
    at $n.request (C:\Users\fuelcore\backend\node_modules\@prisma\client\runtime\library.js:121:6307)
    at l (C:\Users\fuelcore\backend\node_modules\@prisma\client\runtime\library.js:130:9633)
    at AnalyticsService.getRevenueTrends (C:\Users\fuelcore\backend\src\modules\analytics\analytics.service.ts:29:14)
    at AnalyticsController.getRevenueTrends (C:\Users\fuelcore\backend\src\modules\analytics\analytics.controller.ts:10:30)
{
  "statusCode": 500,
  "path": "/api/v1/analytics/revenue-trends",
  "method": "GET",
  "userId": "a84e0895-fd6c-474c-ba71-96724d2a5af7"
}
2026-06-18 13:16:44 [error]: PrismaClientKnownRequestError: 
Invalid `prisma.$queryRaw()` invocation:


Raw query failed. Code: `42703`. Message: `column "created_at" does not exist`
    at $n.handleRequestError (C:\Users\fuelcore\backend\node_modules\@prisma\client\runtime\library.js:121:7315)
    at $n.handleAndLogRequestError (C:\Users\fuelcore\backend\node_modules\@prisma\client\runtime\library.js:121:6623)
    at $n.request (C:\Users\fuelcore\backend\node_modules\@prisma\client\runtime\library.js:121:6307)
    at l (C:\Users\fuelcore\backend\node_modules\@prisma\client\runtime\library.js:130:9633)
    at AnalyticsService.getDemandForecast (C:\Users\fuelcore\backend\src\modules\analytics\analytics.service.ts:116:14)
    at AnalyticsController.getDemandForecast (C:\Users\fuelcore\backend\src\modules\analytics\analytics.controller.ts:17:30)
{
  "statusCode": 500,
  "path": "/api/v1/analytics/demand-forecast",
  "method": "GET",
  "userId": "a84e0895-fd6c-474c-ba71-96724d2a5af7"
}
2026-06-18 13:17:20 [error]: PrismaClientKnownRequestError: 
Invalid `prisma.$queryRaw()` invocation:


Raw query failed. Code: `42703`. Message: `column "is_active" does not exist`
    at $n.handleRequestError (C:\Users\fuelcore\backend\node_modules\@prisma\client\runtime\library.js:121:7315)
    at $n.handleAndLogRequestError (C:\Users\fuelcore\backend\node_modules\@prisma\client\runtime\library.js:121:6623)
    at $n.request (C:\Users\fuelcore\backend\node_modules\@prisma\client\runtime\library.js:121:6307)
    at l (C:\Users\fuelcore\backend\node_modules\@prisma\client\runtime\library.js:130:9633)
    at DashboardService.getStats (C:\Users\fuelcore\backend\src\modules\dashboard\dashboard.service.ts:41:24)
    at DashboardController.getStats (C:\Users\fuelcore\backend\src\modules\dashboard\dashboard.controller.ts:12:18)
{
  "statusCode": 500,
  "path": "/api/v1/dashboard/stats",
  "method": "GET",
  "userId": "a84e0895-fd6c-474c-ba71-96724d2a5af7"
}
2026-06-18 13:17:20 [error]: PrismaClientKnownRequestError: 
Invalid `prisma.$queryRaw()` invocation:


Raw query failed. Code: `42703`. Message: `column ft.station_id does not exist`
    at $n.handleRequestError (C:\Users\fuelcore\backend\node_modules\@prisma\client\runtime\library.js:121:7315)
    at $n.handleAndLogRequestError (C:\Users\fuelcore\backend\node_modules\@prisma\client\runtime\library.js:121:6623)
    at $n.request (C:\Users\fuelcore\backend\node_modules\@prisma\client\runtime\library.js:121:6307)
    at l (C:\Users\fuelcore\backend\node_modules\@prisma\client\runtime\library.js:130:9633)
    at async Promise.all (index 0)
    at DashboardService.getAlerts (C:\Users\fuelcore\backend\src\modules\dashboard\dashboard.service.ts:148:64)
    at DashboardController.getAlerts (C:\Users\fuelcore\backend\src\modules\dashboard\dashboard.controller.ts:28:18)
{
  "statusCode": 500,
  "path": "/api/v1/dashboard/alerts",
  "method": "GET",
  "userId": "a84e0895-fd6c-474c-ba71-96724d2a5af7"
}
2026-06-18 13:17:20 [error]: PrismaClientKnownRequestError: 
Invalid `prisma.$queryRaw()` invocation:


Raw query failed. Code: `42703`. Message: `column "created_at" does not exist`
    at $n.handleRequestError (C:\Users\fuelcore\backend\node_modules\@prisma\client\runtime\library.js:121:7315)
    at $n.handleAndLogRequestError (C:\Users\fuelcore\backend\node_modules\@prisma\client\runtime\library.js:121:6623)
    at $n.request (C:\Users\fuelcore\backend\node_modules\@prisma\client\runtime\library.js:121:6307)
    at l (C:\Users\fuelcore\backend\node_modules\@prisma\client\runtime\library.js:130:9633)
    at DashboardService.getCharts (C:\Users\fuelcore\backend\src\modules\dashboard\dashboard.service.ts:102:18)
    at DashboardController.getCharts (C:\Users\fuelcore\backend\src\modules\dashboard\dashboard.controller.ts:18:18)
{
  "statusCode": 500,
  "path": "/api/v1/dashboard/charts",
  "method": "GET",
  "userId": "a84e0895-fd6c-474c-ba71-96724d2a5af7"
}
2026-06-18 13:17:21 [error]: PrismaClientKnownRequestError: 
Invalid `prisma.$queryRaw()` invocation:


Raw query failed. Code: `42703`. Message: `column "is_active" does not exist`
    at $n.handleRequestError (C:\Users\fuelcore\backend\node_modules\@prisma\client\runtime\library.js:121:7315)
    at $n.handleAndLogRequestError (C:\Users\fuelcore\backend\node_modules\@prisma\client\runtime\library.js:121:6623)
    at $n.request (C:\Users\fuelcore\backend\node_modules\@prisma\client\runtime\library.js:121:6307)
    at l (C:\Users\fuelcore\backend\node_modules\@prisma\client\runtime\library.js:130:9633)
    at DashboardService.getStats (C:\Users\fuelcore\backend\src\modules\dashboard\dashboard.service.ts:41:24)
    at DashboardController.getStats (C:\Users\fuelcore\backend\src\modules\dashboard\dashboard.controller.ts:12:18)
{
  "statusCode": 500,
  "path": "/api/v1/dashboard/stats",
  "method": "GET",
  "userId": "a84e0895-fd6c-474c-ba71-96724d2a5af7"
}
2026-06-18 13:17:21 [error]: PrismaClientKnownRequestError: 
Invalid `prisma.$queryRaw()` invocation:


Raw query failed. Code: `42703`. Message: `column "company_name" does not exist`
    at $n.handleRequestError (C:\Users\fuelcore\backend\node_modules\@prisma\client\runtime\library.js:121:7315)
    at $n.handleAndLogRequestError (C:\Users\fuelcore\backend\node_modules\@prisma\client\runtime\library.js:121:6623)
    at $n.request (C:\Users\fuelcore\backend\node_modules\@prisma\client\runtime\library.js:121:6307)
    at l (C:\Users\fuelcore\backend\node_modules\@prisma\client\runtime\library.js:130:9633)
    at async Promise.all (index 2)
    at DashboardService.getAlerts (C:\Users\fuelcore\backend\src\modules\dashboard\dashboard.service.ts:148:64)
    at DashboardController.getAlerts (C:\Users\fuelcore\backend\src\modules\dashboard\dashboard.controller.ts:28:18)
{
  "statusCode": 500,
  "path": "/api/v1/dashboard/alerts",
  "method": "GET",
  "userId": "a84e0895-fd6c-474c-ba71-96724d2a5af7"
}
2026-06-18 13:17:21 [error]: PrismaClientKnownRequestError: 
Invalid `prisma.$queryRaw()` invocation:


Raw query failed. Code: `42703`. Message: `column "created_at" does not exist`
    at $n.handleRequestError (C:\Users\fuelcore\backend\node_modules\@prisma\client\runtime\library.js:121:7315)
    at $n.handleAndLogRequestError (C:\Users\fuelcore\backend\node_modules\@prisma\client\runtime\library.js:121:6623)
    at $n.request (C:\Users\fuelcore\backend\node_modules\@prisma\client\runtime\library.js:121:6307)
    at l (C:\Users\fuelcore\backend\node_modules\@prisma\client\runtime\library.js:130:9633)
    at DashboardService.getCharts (C:\Users\fuelcore\backend\src\modules\dashboard\dashboard.service.ts:102:18)
    at DashboardController.getCharts (C:\Users\fuelcore\backend\src\modules\dashboard\dashboard.controller.ts:18:18)
{
  "statusCode": 500,
  "path": "/api/v1/dashboard/charts",
  "method": "GET",
  "userId": "a84e0895-fd6c-474c-ba71-96724d2a5af7"
}
2026-06-18 13:18:21 [error]: PrismaClientKnownRequestError: 
Invalid `prisma.$queryRaw()` invocation:


Raw query failed. Code: `42703`. Message: `column "is_active" does not exist`
    at $n.handleRequestError (C:\Users\fuelcore\backend\node_modules\@prisma\client\runtime\library.js:121:7315)
    at $n.handleAndLogRequestError (C:\Users\fuelcore\backend\node_modules\@prisma\client\runtime\library.js:121:6623)
    at $n.request (C:\Users\fuelcore\backend\node_modules\@prisma\client\runtime\library.js:121:6307)
    at l (C:\Users\fuelcore\backend\node_modules\@prisma\client\runtime\library.js:130:9633)
    at DashboardService.getStats (C:\Users\fuelcore\backend\src\modules\dashboard\dashboard.service.ts:41:24)
    at DashboardController.getStats (C:\Users\fuelcore\backend\src\modules\dashboard\dashboard.controller.ts:12:18)
{
  "statusCode": 500,
  "path": "/api/v1/dashboard/stats",
  "method": "GET",
  "userId": "a84e0895-fd6c-474c-ba71-96724d2a5af7"
}
2026-06-18 13:18:22 [error]: PrismaClientKnownRequestError: 
Invalid `prisma.$queryRaw()` invocation:


Raw query failed. Code: `42703`. Message: `column "is_active" does not exist`
    at $n.handleRequestError (C:\Users\fuelcore\backend\node_modules\@prisma\client\runtime\library.js:121:7315)
    at $n.handleAndLogRequestError (C:\Users\fuelcore\backend\node_modules\@prisma\client\runtime\library.js:121:6623)
    at $n.request (C:\Users\fuelcore\backend\node_modules\@prisma\client\runtime\library.js:121:6307)
    at l (C:\Users\fuelcore\backend\node_modules\@prisma\client\runtime\library.js:130:9633)
    at DashboardService.getStats (C:\Users\fuelcore\backend\src\modules\dashboard\dashboard.service.ts:41:24)
    at DashboardController.getStats (C:\Users\fuelcore\backend\src\modules\dashboard\dashboard.controller.ts:12:18)
{
  "statusCode": 500,
  "path": "/api/v1/dashboard/stats",
  "method": "GET",
  "userId": "a84e0895-fd6c-474c-ba71-96724d2a5af7"
}
2026-06-18 13:19:22 [error]: PrismaClientKnownRequestError: 
Invalid `prisma.$queryRaw()` invocation:


Raw query failed. Code: `42703`. Message: `column "is_active" does not exist`
    at $n.handleRequestError (C:\Users\fuelcore\backend\node_modules\@prisma\client\runtime\library.js:121:7315)
    at $n.handleAndLogRequestError (C:\Users\fuelcore\backend\node_modules\@prisma\client\runtime\library.js:121:6623)
    at $n.request (C:\Users\fuelcore\backend\node_modules\@prisma\client\runtime\library.js:121:6307)
    at l (C:\Users\fuelcore\backend\node_modules\@prisma\client\runtime\library.js:130:9633)
    at DashboardService.getStats (C:\Users\fuelcore\backend\src\modules\dashboard\dashboard.service.ts:46:24)
    at DashboardController.getStats (C:\Users\fuelcore\backend\src\modules\dashboard\dashboard.controller.ts:12:18)
{
  "statusCode": 500,
  "path": "/api/v1/dashboard/stats",
  "method": "GET",
  "userId": "a84e0895-fd6c-474c-ba71-96724d2a5af7"
}
2026-06-18 13:19:23 [error]: PrismaClientKnownRequestError: 
Invalid `prisma.$queryRaw()` invocation:


Raw query failed. Code: `42703`. Message: `column "is_active" does not exist`
    at $n.handleRequestError (C:\Users\fuelcore\backend\node_modules\@prisma\client\runtime\library.js:121:7315)
    at $n.handleAndLogRequestError (C:\Users\fuelcore\backend\node_modules\@prisma\client\runtime\library.js:121:6623)
    at $n.request (C:\Users\fuelcore\backend\node_modules\@prisma\client\runtime\library.js:121:6307)
    at l (C:\Users\fuelcore\backend\node_modules\@prisma\client\runtime\library.js:130:9633)
    at DashboardService.getStats (C:\Users\fuelcore\backend\src\modules\dashboard\dashboard.service.ts:46:24)
    at DashboardController.getStats (C:\Users\fuelcore\backend\src\modules\dashboard\dashboard.controller.ts:12:18)
{
  "statusCode": 500,
  "path": "/api/v1/dashboard/stats",
  "method": "GET",
  "userId": "a84e0895-fd6c-474c-ba71-96724d2a5af7"
}
2026-06-18 13:20:24 [error]: PrismaClientKnownRequestError: 
Invalid `prisma.$queryRaw()` invocation:


Raw query failed. Code: `42703`. Message: `column "is_active" does not exist`
    at $n.handleRequestError (C:\Users\fuelcore\backend\node_modules\@prisma\client\runtime\library.js:121:7315)
    at $n.handleAndLogRequestError (C:\Users\fuelcore\backend\node_modules\@prisma\client\runtime\library.js:121:6623)
    at $n.request (C:\Users\fuelcore\backend\node_modules\@prisma\client\runtime\library.js:121:6307)
    at l (C:\Users\fuelcore\backend\node_modules\@prisma\client\runtime\library.js:130:9633)
    at DashboardService.getStats (C:\Users\fuelcore\backend\src\modules\dashboard\dashboard.service.ts:46:24)
    at DashboardController.getStats (C:\Users\fuelcore\backend\src\modules\dashboard\dashboard.controller.ts:12:18)
{
  "statusCode": 500,
  "path": "/api/v1/dashboard/stats",
  "method": "GET",
  "userId": "a84e0895-fd6c-474c-ba71-96724d2a5af7"
}
2026-06-18 13:20:25 [error]: PrismaClientKnownRequestError: 
Invalid `prisma.$queryRaw()` invocation:


Raw query failed. Code: `42703`. Message: `column "is_active" does not exist`
    at $n.handleRequestError (C:\Users\fuelcore\backend\node_modules\@prisma\client\runtime\library.js:121:7315)
    at $n.handleAndLogRequestError (C:\Users\fuelcore\backend\node_modules\@prisma\client\runtime\library.js:121:6623)
    at $n.request (C:\Users\fuelcore\backend\node_modules\@prisma\client\runtime\library.js:121:6307)
    at l (C:\Users\fuelcore\backend\node_modules\@prisma\client\runtime\library.js:130:9633)
    at DashboardService.getStats (C:\Users\fuelcore\backend\src\modules\dashboard\dashboard.service.ts:46:24)
    at DashboardController.getStats (C:\Users\fuelcore\backend\src\modules\dashboard\dashboard.controller.ts:12:18)
{
  "statusCode": 500,
  "path": "/api/v1/dashboard/stats",
  "method": "GET",
  "userId": "a84e0895-fd6c-474c-ba71-96724d2a5af7"
}
2026-06-18 13:21:25 [error]: PrismaClientKnownRequestError: 
Invalid `prisma.$queryRaw()` invocation:


Raw query failed. Code: `42703`. Message: `column "is_active" does not exist`
    at $n.handleRequestError (C:\Users\fuelcore\backend\node_modules\@prisma\client\runtime\library.js:121:7315)
    at $n.handleAndLogRequestError (C:\Users\fuelcore\backend\node_modules\@prisma\client\runtime\library.js:121:6623)
    at $n.request (C:\Users\fuelcore\backend\node_modules\@prisma\client\runtime\library.js:121:6307)
    at l (C:\Users\fuelcore\backend\node_modules\@prisma\client\runtime\library.js:130:9633)
    at DashboardService.getStats (C:\Users\fuelcore\backend\src\modules\dashboard\dashboard.service.ts:46:24)
    at DashboardController.getStats (C:\Users\fuelcore\backend\src\modules\dashboard\dashboard.controller.ts:12:18)
{
  "statusCode": 500,
  "path": "/api/v1/dashboard/stats",
  "method": "GET",
  "userId": "a84e0895-fd6c-474c-ba71-96724d2a5af7"
}
2026-06-18 13:21:26 [error]: PrismaClientKnownRequestError: 
Invalid `prisma.$queryRaw()` invocation:


Raw query failed. Code: `42703`. Message: `column "is_active" does not exist`
    at $n.handleRequestError (C:\Users\fuelcore\backend\node_modules\@prisma\client\runtime\library.js:121:7315)
    at $n.handleAndLogRequestError (C:\Users\fuelcore\backend\node_modules\@prisma\client\runtime\library.js:121:6623)
    at $n.request (C:\Users\fuelcore\backend\node_modules\@prisma\client\runtime\library.js:121:6307)
    at l (C:\Users\fuelcore\backend\node_modules\@prisma\client\runtime\library.js:130:9633)
    at DashboardService.getStats (C:\Users\fuelcore\backend\src\modules\dashboard\dashboard.service.ts:46:24)
    at DashboardController.getStats (C:\Users\fuelcore\backend\src\modules\dashboard\dashboard.controller.ts:12:18)
{
  "statusCode": 500,
  "path": "/api/v1/dashboard/stats",
  "method": "GET",
  "userId": "a84e0895-fd6c-474c-ba71-96724d2a5af7"
}
2026-06-18 13:21:36 [error]: PrismaClientKnownRequestError: 
Invalid `prisma.$queryRaw()` invocation:


Raw query failed. Code: `42703`. Message: `column "created_at" does not exist`
    at $n.handleRequestError (C:\Users\fuelcore\backend\node_modules\@prisma\client\runtime\library.js:121:7315)
    at $n.handleAndLogRequestError (C:\Users\fuelcore\backend\node_modules\@prisma\client\runtime\library.js:121:6623)
    at $n.request (C:\Users\fuelcore\backend\node_modules\@prisma\client\runtime\library.js:121:6307)
    at l (C:\Users\fuelcore\backend\node_modules\@prisma\client\runtime\library.js:130:9633)
    at DashboardService.getCharts (C:\Users\fuelcore\backend\src\modules\dashboard\dashboard.service.ts:107:18)
    at DashboardController.getCharts (C:\Users\fuelcore\backend\src\modules\dashboard\dashboard.controller.ts:18:18)
{
  "statusCode": 500,
  "path": "/api/v1/dashboard/charts",
  "method": "GET",
  "userId": "a84e0895-fd6c-474c-ba71-96724d2a5af7"
}
2026-06-18 13:21:36 [error]: PrismaClientKnownRequestError: 
Invalid `prisma.$queryRaw()` invocation:


Raw query failed. Code: `42703`. Message: `column "is_active" does not exist`
    at $n.handleRequestError (C:\Users\fuelcore\backend\node_modules\@prisma\client\runtime\library.js:121:7315)
    at $n.handleAndLogRequestError (C:\Users\fuelcore\backend\node_modules\@prisma\client\runtime\library.js:121:6623)
    at $n.request (C:\Users\fuelcore\backend\node_modules\@prisma\client\runtime\library.js:121:6307)
    at l (C:\Users\fuelcore\backend\node_modules\@prisma\client\runtime\library.js:130:9633)
    at DashboardService.getStats (C:\Users\fuelcore\backend\src\modules\dashboard\dashboard.service.ts:46:24)
    at DashboardController.getStats (C:\Users\fuelcore\backend\src\modules\dashboard\dashboard.controller.ts:12:18)
{
  "statusCode": 500,
  "path": "/api/v1/dashboard/stats",
  "method": "GET",
  "userId": "a84e0895-fd6c-474c-ba71-96724d2a5af7"
}
2026-06-18 13:21:37 [error]: PrismaClientKnownRequestError: 
Invalid `prisma.$queryRaw()` invocation:


Raw query failed. Code: `42703`. Message: `column ft.station_id does not exist`
    at $n.handleRequestError (C:\Users\fuelcore\backend\node_modules\@prisma\client\runtime\library.js:121:7315)
    at $n.handleAndLogRequestError (C:\Users\fuelcore\backend\node_modules\@prisma\client\runtime\library.js:121:6623)
    at $n.request (C:\Users\fuelcore\backend\node_modules\@prisma\client\runtime\library.js:121:6307)
    at l (C:\Users\fuelcore\backend\node_modules\@prisma\client\runtime\library.js:130:9633)
    at async Promise.all (index 0)
    at DashboardService.getAlerts (C:\Users\fuelcore\backend\src\modules\dashboard\dashboard.service.ts:153:64)
    at DashboardController.getAlerts (C:\Users\fuelcore\backend\src\modules\dashboard\dashboard.controller.ts:28:18)
{
  "statusCode": 500,
  "path": "/api/v1/dashboard/alerts",
  "method": "GET",
  "userId": "a84e0895-fd6c-474c-ba71-96724d2a5af7"
}
2026-06-18 13:21:38 [error]: PrismaClientKnownRequestError: 
Invalid `prisma.$queryRaw()` invocation:


Raw query failed. Code: `42703`. Message: `column "created_at" does not exist`
    at $n.handleRequestError (C:\Users\fuelcore\backend\node_modules\@prisma\client\runtime\library.js:121:7315)
    at $n.handleAndLogRequestError (C:\Users\fuelcore\backend\node_modules\@prisma\client\runtime\library.js:121:6623)
    at $n.request (C:\Users\fuelcore\backend\node_modules\@prisma\client\runtime\library.js:121:6307)
    at l (C:\Users\fuelcore\backend\node_modules\@prisma\client\runtime\library.js:130:9633)
    at DashboardService.getCharts (C:\Users\fuelcore\backend\src\modules\dashboard\dashboard.service.ts:107:18)
    at DashboardController.getCharts (C:\Users\fuelcore\backend\src\modules\dashboard\dashboard.controller.ts:18:18)
{
  "statusCode": 500,
  "path": "/api/v1/dashboard/charts",
  "method": "GET",
  "userId": "a84e0895-fd6c-474c-ba71-96724d2a5af7"
}
2026-06-18 13:21:38 [error]: PrismaClientKnownRequestError: 
Invalid `prisma.$queryRaw()` invocation:


Raw query failed. Code: `42703`. Message: `column "is_active" does not exist`
    at $n.handleRequestError (C:\Users\fuelcore\backend\node_modules\@prisma\client\runtime\library.js:121:7315)
    at $n.handleAndLogRequestError (C:\Users\fuelcore\backend\node_modules\@prisma\client\runtime\library.js:121:6623)
    at $n.request (C:\Users\fuelcore\backend\node_modules\@prisma\client\runtime\library.js:121:6307)
    at l (C:\Users\fuelcore\backend\node_modules\@prisma\client\runtime\library.js:130:9633)
    at DashboardService.getStats (C:\Users\fuelcore\backend\src\modules\dashboard\dashboard.service.ts:46:24)
    at DashboardController.getStats (C:\Users\fuelcore\backend\src\modules\dashboard\dashboard.controller.ts:12:18)
{
  "statusCode": 500,
  "path": "/api/v1/dashboard/stats",
  "method": "GET",
  "userId": "a84e0895-fd6c-474c-ba71-96724d2a5af7"
}
2026-06-18 13:21:38 [error]: PrismaClientKnownRequestError: 
Invalid `prisma.$queryRaw()` invocation:


Raw query failed. Code: `42703`. Message: `column ft.station_id does not exist`
    at $n.handleRequestError (C:\Users\fuelcore\backend\node_modules\@prisma\client\runtime\library.js:121:7315)
    at $n.handleAndLogRequestError (C:\Users\fuelcore\backend\node_modules\@prisma\client\runtime\library.js:121:6623)
    at $n.request (C:\Users\fuelcore\backend\node_modules\@prisma\client\runtime\library.js:121:6307)
    at l (C:\Users\fuelcore\backend\node_modules\@prisma\client\runtime\library.js:130:9633)
    at async Promise.all (index 0)
    at DashboardService.getAlerts (C:\Users\fuelcore\backend\src\modules\dashboard\dashboard.service.ts:153:64)
    at DashboardController.getAlerts (C:\Users\fuelcore\backend\src\modules\dashboard\dashboard.controller.ts:28:18)
{
  "statusCode": 500,
  "path": "/api/v1/dashboard/alerts",
  "method": "GET",
  "userId": "a84e0895-fd6c-474c-ba71-96724d2a5af7"
}
2026-06-18 13:22:03 [error]: PrismaClientKnownRequestError: 
Invalid `prisma.$queryRaw()` invocation:


Raw query failed. Code: `42703`. Message: `column ft.station_id does not exist`
    at $n.handleRequestError (C:\Users\fuelcore\backend\node_modules\@prisma\client\runtime\library.js:121:7315)
    at $n.handleAndLogRequestError (C:\Users\fuelcore\backend\node_modules\@prisma\client\runtime\library.js:121:6623)
    at $n.request (C:\Users\fuelcore\backend\node_modules\@prisma\client\runtime\library.js:121:6307)
    at l (C:\Users\fuelcore\backend\node_modules\@prisma\client\runtime\library.js:130:9633)
    at async Promise.all (index 0)
    at DashboardService.getAlerts (C:\Users\fuelcore\backend\src\modules\dashboard\dashboard.service.ts:153:64)
    at DashboardController.getAlerts (C:\Users\fuelcore\backend\src\modules\dashboard\dashboard.controller.ts:28:18)
{
  "statusCode": 500,
  "path": "/api/v1/dashboard/alerts",
  "method": "GET",
  "userId": "a84e0895-fd6c-474c-ba71-96724d2a5af7"
}
2026-06-18 13:22:03 [error]: PrismaClientKnownRequestError: 
Invalid `prisma.$queryRaw()` invocation:


Raw query failed. Code: `42703`. Message: `column "is_active" does not exist`
    at $n.handleRequestError (C:\Users\fuelcore\backend\node_modules\@prisma\client\runtime\library.js:121:7315)
    at $n.handleAndLogRequestError (C:\Users\fuelcore\backend\node_modules\@prisma\client\runtime\library.js:121:6623)
    at $n.request (C:\Users\fuelcore\backend\node_modules\@prisma\client\runtime\library.js:121:6307)
    at l (C:\Users\fuelcore\backend\node_modules\@prisma\client\runtime\library.js:130:9633)
    at DashboardService.getStats (C:\Users\fuelcore\backend\src\modules\dashboard\dashboard.service.ts:46:24)
    at DashboardController.getStats (C:\Users\fuelcore\backend\src\modules\dashboard\dashboard.controller.ts:12:18)
{
  "statusCode": 500,
  "path": "/api/v1/dashboard/stats",
  "method": "GET",
  "userId": "a84e0895-fd6c-474c-ba71-96724d2a5af7"
}
2026-06-18 13:22:03 [error]: PrismaClientKnownRequestError: 
Invalid `prisma.$queryRaw()` invocation:


Raw query failed. Code: `42703`. Message: `column "created_at" does not exist`
    at $n.handleRequestError (C:\Users\fuelcore\backend\node_modules\@prisma\client\runtime\library.js:121:7315)
    at $n.handleAndLogRequestError (C:\Users\fuelcore\backend\node_modules\@prisma\client\runtime\library.js:121:6623)
    at $n.request (C:\Users\fuelcore\backend\node_modules\@prisma\client\runtime\library.js:121:6307)
    at l (C:\Users\fuelcore\backend\node_modules\@prisma\client\runtime\library.js:130:9633)
    at DashboardService.getCharts (C:\Users\fuelcore\backend\src\modules\dashboard\dashboard.service.ts:107:18)
    at DashboardController.getCharts (C:\Users\fuelcore\backend\src\modules\dashboard\dashboard.controller.ts:18:18)
{
  "statusCode": 500,
  "path": "/api/v1/dashboard/charts",
  "method": "GET",
  "userId": "a84e0895-fd6c-474c-ba71-96724d2a5af7"
}
2026-06-18 13:22:04 [error]: PrismaClientKnownRequestError: 
Invalid `prisma.$queryRaw()` invocation:


Raw query failed. Code: `42703`. Message: `column "company_name" does not exist`
    at $n.handleRequestError (C:\Users\fuelcore\backend\node_modules\@prisma\client\runtime\library.js:121:7315)
    at $n.handleAndLogRequestError (C:\Users\fuelcore\backend\node_modules\@prisma\client\runtime\library.js:121:6623)
    at $n.request (C:\Users\fuelcore\backend\node_modules\@prisma\client\runtime\library.js:121:6307)
    at l (C:\Users\fuelcore\backend\node_modules\@prisma\client\runtime\library.js:130:9633)
    at async Promise.all (index 2)
    at DashboardService.getAlerts (C:\Users\fuelcore\backend\src\modules\dashboard\dashboard.service.ts:153:64)
    at DashboardController.getAlerts (C:\Users\fuelcore\backend\src\modules\dashboard\dashboard.controller.ts:28:18)
{
  "statusCode": 500,
  "path": "/api/v1/dashboard/alerts",
  "method": "GET",
  "userId": "a84e0895-fd6c-474c-ba71-96724d2a5af7"
}
2026-06-18 13:22:04 [error]: PrismaClientKnownRequestError: 
Invalid `prisma.$queryRaw()` invocation:


Raw query failed. Code: `42703`. Message: `column "is_active" does not exist`
    at $n.handleRequestError (C:\Users\fuelcore\backend\node_modules\@prisma\client\runtime\library.js:121:7315)
    at $n.handleAndLogRequestError (C:\Users\fuelcore\backend\node_modules\@prisma\client\runtime\library.js:121:6623)
    at $n.request (C:\Users\fuelcore\backend\node_modules\@prisma\client\runtime\library.js:121:6307)
    at l (C:\Users\fuelcore\backend\node_modules\@prisma\client\runtime\library.js:130:9633)
    at DashboardService.getStats (C:\Users\fuelcore\backend\src\modules\dashboard\dashboard.service.ts:46:24)
    at DashboardController.getStats (C:\Users\fuelcore\backend\src\modules\dashboard\dashboard.controller.ts:12:18)
{
  "statusCode": 500,
  "path": "/api/v1/dashboard/stats",
  "method": "GET",
  "userId": "a84e0895-fd6c-474c-ba71-96724d2a5af7"
}
2026-06-18 13:22:04 [error]: PrismaClientKnownRequestError: 
Invalid `prisma.$queryRaw()` invocation:


Raw query failed. Code: `42703`. Message: `column "created_at" does not exist`
    at $n.handleRequestError (C:\Users\fuelcore\backend\node_modules\@prisma\client\runtime\library.js:121:7315)
    at $n.handleAndLogRequestError (C:\Users\fuelcore\backend\node_modules\@prisma\client\runtime\library.js:121:6623)
    at $n.request (C:\Users\fuelcore\backend\node_modules\@prisma\client\runtime\library.js:121:6307)
    at l (C:\Users\fuelcore\backend\node_modules\@prisma\client\runtime\library.js:130:9633)
    at DashboardService.getCharts (C:\Users\fuelcore\backend\src\modules\dashboard\dashboard.service.ts:107:18)
    at DashboardController.getCharts (C:\Users\fuelcore\backend\src\modules\dashboard\dashboard.controller.ts:18:18)
{
  "statusCode": 500,
  "path": "/api/v1/dashboard/charts",
  "method": "GET",
  "userId": "a84e0895-fd6c-474c-ba71-96724d2a5af7"
}
2026-06-18 13:22:42 [error]: PrismaClientKnownRequestError: 
Invalid `prisma.$queryRaw()` invocation:


Raw query failed. Code: `42703`. Message: `column "created_at" does not exist`
    at $n.handleRequestError (C:\Users\fuelcore\backend\node_modules\@prisma\client\runtime\library.js:121:7315)
    at $n.handleAndLogRequestError (C:\Users\fuelcore\backend\node_modules\@prisma\client\runtime\library.js:121:6623)
    at $n.request (C:\Users\fuelcore\backend\node_modules\@prisma\client\runtime\library.js:121:6307)
    at l (C:\Users\fuelcore\backend\node_modules\@prisma\client\runtime\library.js:130:9633)
    at AnalyticsService.getRevenueTrends (C:\Users\fuelcore\backend\src\modules\analytics\analytics.service.ts:34:14)
    at AnalyticsController.getRevenueTrends (C:\Users\fuelcore\backend\src\modules\analytics\analytics.controller.ts:10:30)
{
  "statusCode": 500,
  "path": "/api/v1/analytics/revenue-trends",
  "method": "GET",
  "userId": "a84e0895-fd6c-474c-ba71-96724d2a5af7"
}
2026-06-18 13:22:42 [error]: PrismaClientKnownRequestError: 
Invalid `prisma.$queryRaw()` invocation:


Raw query failed. Code: `42703`. Message: `column "created_at" does not exist`
    at $n.handleRequestError (C:\Users\fuelcore\backend\node_modules\@prisma\client\runtime\library.js:121:7315)
    at $n.handleAndLogRequestError (C:\Users\fuelcore\backend\node_modules\@prisma\client\runtime\library.js:121:6623)
    at $n.request (C:\Users\fuelcore\backend\node_modules\@prisma\client\runtime\library.js:121:6307)
    at l (C:\Users\fuelcore\backend\node_modules\@prisma\client\runtime\library.js:130:9633)
    at AnalyticsService.getDemandForecast (C:\Users\fuelcore\backend\src\modules\analytics\analytics.service.ts:122:14)
    at AnalyticsController.getDemandForecast (C:\Users\fuelcore\backend\src\modules\analytics\analytics.controller.ts:17:30)
{
  "statusCode": 500,
  "path": "/api/v1/analytics/demand-forecast",
  "method": "GET",
  "userId": "a84e0895-fd6c-474c-ba71-96724d2a5af7"
}
2026-06-18 13:22:43 [error]: PrismaClientKnownRequestError: 
Invalid `prisma.$queryRaw()` invocation:


Raw query failed. Code: `42703`. Message: `column "created_at" does not exist`
    at $n.handleRequestError (C:\Users\fuelcore\backend\node_modules\@prisma\client\runtime\library.js:121:7315)
    at $n.handleAndLogRequestError (C:\Users\fuelcore\backend\node_modules\@prisma\client\runtime\library.js:121:6623)
    at $n.request (C:\Users\fuelcore\backend\node_modules\@prisma\client\runtime\library.js:121:6307)
    at l (C:\Users\fuelcore\backend\node_modules\@prisma\client\runtime\library.js:130:9633)
    at AnalyticsService.getRevenueTrends (C:\Users\fuelcore\backend\src\modules\analytics\analytics.service.ts:34:14)
    at AnalyticsController.getRevenueTrends (C:\Users\fuelcore\backend\src\modules\analytics\analytics.controller.ts:10:30)
{
  "statusCode": 500,
  "path": "/api/v1/analytics/revenue-trends",
  "method": "GET",
  "userId": "a84e0895-fd6c-474c-ba71-96724d2a5af7"
}
2026-06-18 13:22:43 [error]: PrismaClientKnownRequestError: 
Invalid `prisma.$queryRaw()` invocation:


Raw query failed. Code: `42703`. Message: `column "created_at" does not exist`
    at $n.handleRequestError (C:\Users\fuelcore\backend\node_modules\@prisma\client\runtime\library.js:121:7315)
    at $n.handleAndLogRequestError (C:\Users\fuelcore\backend\node_modules\@prisma\client\runtime\library.js:121:6623)
    at $n.request (C:\Users\fuelcore\backend\node_modules\@prisma\client\runtime\library.js:121:6307)
    at l (C:\Users\fuelcore\backend\node_modules\@prisma\client\runtime\library.js:130:9633)
    at AnalyticsService.getDemandForecast (C:\Users\fuelcore\backend\src\modules\analytics\analytics.service.ts:122:14)
    at AnalyticsController.getDemandForecast (C:\Users\fuelcore\backend\src\modules\analytics\analytics.controller.ts:17:30)
{
  "statusCode": 500,
  "path": "/api/v1/analytics/demand-forecast",
  "method": "GET",
  "userId": "a84e0895-fd6c-474c-ba71-96724d2a5af7"
}
2026-06-18 13:38:45 [error]: PrismaClientValidationError: 
Invalid `prisma.stationSettings.findUnique()` invocation in
C:\Users\fuelcore\backend\src\modules\settings\settings.service.ts:7:51

  4 
  5 export class SettingsService {
  6   async getStationSettings(stationId: string) {
→ 7     const settings = await prisma.stationSettings.findUnique({
          where: {
        +   stationId: String
          },
          include: {
            station: {
              select: {
                id: true,
                name: true,
                address: true,
                city: true,
                state: true,
                phone: true,
                email: true,
                logoUrl: true
              }
            }
          }
        })

Argument `stationId` must not be null.
    at wn (C:\Users\fuelcore\backend\node_modules\@prisma\client\runtime\library.js:29:1363)
    at $n.handleRequestError (C:\Users\fuelcore\backend\node_modules\@prisma\client\runtime\library.js:121:6958)
    at $n.handleAndLogRequestError (C:\Users\fuelcore\backend\node_modules\@prisma\client\runtime\library.js:121:6623)
    at $n.request (C:\Users\fuelcore\backend\node_modules\@prisma\client\runtime\library.js:121:6307)
    at l (C:\Users\fuelcore\backend\node_modules\@prisma\client\runtime\library.js:130:9633)
    at SettingsService.getStationSettings (C:\Users\fuelcore\backend\src\modules\settings\settings.service.ts:7:22)
    at SettingsController.getSettings (C:\Users\fuelcore\backend\src\modules\settings\settings.controller.ts:9:30)
{
  "statusCode": 500,
  "path": "/api/v1/settings",
  "method": "GET",
  "userId": "a84e0895-fd6c-474c-ba71-96724d2a5af7"
}
2026-06-18 13:38:46 [error]: PrismaClientValidationError: 
Invalid `prisma.stationSettings.findUnique()` invocation in
C:\Users\fuelcore\backend\src\modules\settings\settings.service.ts:7:51

  4 
  5 export class SettingsService {
  6   async getStationSettings(stationId: string) {
→ 7     const settings = await prisma.stationSettings.findUnique({
          where: {
        +   stationId: String
          },
          include: {
            station: {
              select: {
                id: true,
                name: true,
                address: true,
                city: true,
                state: true,
                phone: true,
                email: true,
                logoUrl: true
              }
            }
          }
        })

Argument `stationId` must not be null.
    at wn (C:\Users\fuelcore\backend\node_modules\@prisma\client\runtime\library.js:29:1363)
    at $n.handleRequestError (C:\Users\fuelcore\backend\node_modules\@prisma\client\runtime\library.js:121:6958)
    at $n.handleAndLogRequestError (C:\Users\fuelcore\backend\node_modules\@prisma\client\runtime\library.js:121:6623)
    at $n.request (C:\Users\fuelcore\backend\node_modules\@prisma\client\runtime\library.js:121:6307)
    at l (C:\Users\fuelcore\backend\node_modules\@prisma\client\runtime\library.js:130:9633)
    at SettingsService.getStationSettings (C:\Users\fuelcore\backend\src\modules\settings\settings.service.ts:7:22)
    at SettingsController.getSettings (C:\Users\fuelcore\backend\src\modules\settings\settings.controller.ts:9:30)
{
  "statusCode": 500,
  "path": "/api/v1/settings",
  "method": "GET",
  "userId": "a84e0895-fd6c-474c-ba71-96724d2a5af7"
}
2026-06-19 09:00:50 [error]: PrismaClientValidationError: 
Invalid `prisma.pump.findFirst()` invocation in
C:\Users\Dell\Desktop\fuelcore\backend\src\modules\sales\sales.service.ts:12:36

   9 export class SalesService {
  10   async createSale(data: CreateSaleInput, employeeId: string, stationId: string) {
  11     // 1. Validate pump
→ 12     const pump = await prisma.pump.findFirst({
           where: {
             id: "7e99beca-6e26-4ef7-acf0-13618a187735",
             isActive: true,
         +   stationId: {
         +     equals: String | StringFieldRefInput,
         +     in: String[] | ListStringFieldRefInput,
         +     notIn: String[] | ListStringFieldRefInput,
         +     lt: String | StringFieldRefInput,
         +     lte: String | StringFieldRefInput,
         +     gt: String | StringFieldRefInput,
         +     gte: String | StringFieldRefInput,
         +     contains: String | StringFieldRefInput,
         +     startsWith: String | StringFieldRefInput,
         +     endsWith: String | StringFieldRefInput,
         +     mode: QueryMode,
         +     not: String | NestedStringFilter
         +   }
           },
           include: {
             tank: true,
             station: {
               include: {
                 settings: true
               }
             }
           }
         })

Argument `stationId` must not be null.
    at wn (C:\Users\Dell\Desktop\fuelcore\backend\node_modules\@prisma\client\runtime\library.js:29:1363)
    at $n.handleRequestError (C:\Users\Dell\Desktop\fuelcore\backend\node_modules\@prisma\client\runtime\library.js:121:6958)
    at $n.handleAndLogRequestError (C:\Users\Dell\Desktop\fuelcore\backend\node_modules\@prisma\client\runtime\library.js:121:6623)
    at $n.request (C:\Users\Dell\Desktop\fuelcore\backend\node_modules\@prisma\client\runtime\library.js:121:6307)
    at l (C:\Users\Dell\Desktop\fuelcore\backend\node_modules\@prisma\client\runtime\library.js:130:9633)
    at SalesService.createSale (C:\Users\Dell\Desktop\fuelcore\backend\src\modules\sales\sales.service.ts:12:18)
    at SalesController.createSale (C:\Users\Dell\Desktop\fuelcore\backend\src\modules\sales\sales.controller.ts:8:18)
{
  "statusCode": 500,
  "path": "/api/v1/sales",
  "method": "POST",
  "userId": "f4d45cbe-598c-4e65-95c3-e94e0e354561"
}
2026-06-19 09:01:05 [error]: PrismaClientValidationError: 
Invalid `prisma.pump.findFirst()` invocation in
C:\Users\Dell\Desktop\fuelcore\backend\src\modules\sales\sales.service.ts:12:36

   9 export class SalesService {
  10   async createSale(data: CreateSaleInput, employeeId: string, stationId: string) {
  11     // 1. Validate pump
→ 12     const pump = await prisma.pump.findFirst({
           where: {
             id: "7e99beca-6e26-4ef7-acf0-13618a187735",
             isActive: true,
         +   stationId: {
         +     equals: String | StringFieldRefInput,
         +     in: String[] | ListStringFieldRefInput,
         +     notIn: String[] | ListStringFieldRefInput,
         +     lt: String | StringFieldRefInput,
         +     lte: String | StringFieldRefInput,
         +     gt: String | StringFieldRefInput,
         +     gte: String | StringFieldRefInput,
         +     contains: String | StringFieldRefInput,
         +     startsWith: String | StringFieldRefInput,
         +     endsWith: String | StringFieldRefInput,
         +     mode: QueryMode,
         +     not: String | NestedStringFilter
         +   }
           },
           include: {
             tank: true,
             station: {
               include: {
                 settings: true
               }
             }
           }
         })

Argument `stationId` must not be null.
    at wn (C:\Users\Dell\Desktop\fuelcore\backend\node_modules\@prisma\client\runtime\library.js:29:1363)
    at $n.handleRequestError (C:\Users\Dell\Desktop\fuelcore\backend\node_modules\@prisma\client\runtime\library.js:121:6958)
    at $n.handleAndLogRequestError (C:\Users\Dell\Desktop\fuelcore\backend\node_modules\@prisma\client\runtime\library.js:121:6623)
    at $n.request (C:\Users\Dell\Desktop\fuelcore\backend\node_modules\@prisma\client\runtime\library.js:121:6307)
    at l (C:\Users\Dell\Desktop\fuelcore\backend\node_modules\@prisma\client\runtime\library.js:130:9633)
    at SalesService.createSale (C:\Users\Dell\Desktop\fuelcore\backend\src\modules\sales\sales.service.ts:12:18)
    at SalesController.createSale (C:\Users\Dell\Desktop\fuelcore\backend\src\modules\sales\sales.controller.ts:8:18)
{
  "statusCode": 500,
  "path": "/api/v1/sales",
  "method": "POST",
  "userId": "f4d45cbe-598c-4e65-95c3-e94e0e354561"
}
2026-06-19 09:01:29 [error]: PrismaClientValidationError: 
Invalid `prisma.pump.findFirst()` invocation in
C:\Users\Dell\Desktop\fuelcore\backend\src\modules\sales\sales.service.ts:12:36

   9 export class SalesService {
  10   async createSale(data: CreateSaleInput, employeeId: string, stationId: string) {
  11     // 1. Validate pump
→ 12     const pump = await prisma.pump.findFirst({
           where: {
             id: "7e99beca-6e26-4ef7-acf0-13618a187735",
             isActive: true,
         +   stationId: {
         +     equals: String | StringFieldRefInput,
         +     in: String[] | ListStringFieldRefInput,
         +     notIn: String[] | ListStringFieldRefInput,
         +     lt: String | StringFieldRefInput,
         +     lte: String | StringFieldRefInput,
         +     gt: String | StringFieldRefInput,
         +     gte: String | StringFieldRefInput,
         +     contains: String | StringFieldRefInput,
         +     startsWith: String | StringFieldRefInput,
         +     endsWith: String | StringFieldRefInput,
         +     mode: QueryMode,
         +     not: String | NestedStringFilter
         +   }
           },
           include: {
             tank: true,
             station: {
               include: {
                 settings: true
               }
             }
           }
         })

Argument `stationId` must not be null.
    at wn (C:\Users\Dell\Desktop\fuelcore\backend\node_modules\@prisma\client\runtime\library.js:29:1363)
    at $n.handleRequestError (C:\Users\Dell\Desktop\fuelcore\backend\node_modules\@prisma\client\runtime\library.js:121:6958)
    at $n.handleAndLogRequestError (C:\Users\Dell\Desktop\fuelcore\backend\node_modules\@prisma\client\runtime\library.js:121:6623)
    at $n.request (C:\Users\Dell\Desktop\fuelcore\backend\node_modules\@prisma\client\runtime\library.js:121:6307)
    at l (C:\Users\Dell\Desktop\fuelcore\backend\node_modules\@prisma\client\runtime\library.js:130:9633)
    at SalesService.createSale (C:\Users\Dell\Desktop\fuelcore\backend\src\modules\sales\sales.service.ts:12:18)
    at SalesController.createSale (C:\Users\Dell\Desktop\fuelcore\backend\src\modules\sales\sales.controller.ts:8:18)
{
  "statusCode": 500,
  "path": "/api/v1/sales",
  "method": "POST",
  "userId": "f4d45cbe-598c-4e65-95c3-e94e0e354561"
}
2026-06-19 09:01:31 [error]: PrismaClientValidationError: 
Invalid `prisma.pump.findFirst()` invocation in
C:\Users\Dell\Desktop\fuelcore\backend\src\modules\sales\sales.service.ts:12:36

   9 export class SalesService {
  10   async createSale(data: CreateSaleInput, employeeId: string, stationId: string) {
  11     // 1. Validate pump
→ 12     const pump = await prisma.pump.findFirst({
           where: {
             id: "7e99beca-6e26-4ef7-acf0-13618a187735",
             isActive: true,
         +   stationId: {
         +     equals: String | StringFieldRefInput,
         +     in: String[] | ListStringFieldRefInput,
         +     notIn: String[] | ListStringFieldRefInput,
         +     lt: String | StringFieldRefInput,
         +     lte: String | StringFieldRefInput,
         +     gt: String | StringFieldRefInput,
         +     gte: String | StringFieldRefInput,
         +     contains: String | StringFieldRefInput,
         +     startsWith: String | StringFieldRefInput,
         +     endsWith: String | StringFieldRefInput,
         +     mode: QueryMode,
         +     not: String | NestedStringFilter
         +   }
           },
           include: {
             tank: true,
             station: {
               include: {
                 settings: true
               }
             }
           }
         })

Argument `stationId` must not be null.
    at wn (C:\Users\Dell\Desktop\fuelcore\backend\node_modules\@prisma\client\runtime\library.js:29:1363)
    at $n.handleRequestError (C:\Users\Dell\Desktop\fuelcore\backend\node_modules\@prisma\client\runtime\library.js:121:6958)
    at $n.handleAndLogRequestError (C:\Users\Dell\Desktop\fuelcore\backend\node_modules\@prisma\client\runtime\library.js:121:6623)
    at $n.request (C:\Users\Dell\Desktop\fuelcore\backend\node_modules\@prisma\client\runtime\library.js:121:6307)
    at l (C:\Users\Dell\Desktop\fuelcore\backend\node_modules\@prisma\client\runtime\library.js:130:9633)
    at SalesService.createSale (C:\Users\Dell\Desktop\fuelcore\backend\src\modules\sales\sales.service.ts:12:18)
    at SalesController.createSale (C:\Users\Dell\Desktop\fuelcore\backend\src\modules\sales\sales.controller.ts:8:18)
{
  "statusCode": 500,
  "path": "/api/v1/sales",
  "method": "POST",
  "userId": "f4d45cbe-598c-4e65-95c3-e94e0e354561"
}
2026-06-19 09:01:41 [error]: PrismaClientValidationError: 
Invalid `prisma.pump.findFirst()` invocation in
C:\Users\Dell\Desktop\fuelcore\backend\src\modules\sales\sales.service.ts:12:36

   9 export class SalesService {
  10   async createSale(data: CreateSaleInput, employeeId: string, stationId: string) {
  11     // 1. Validate pump
→ 12     const pump = await prisma.pump.findFirst({
           where: {
             id: "7e99beca-6e26-4ef7-acf0-13618a187735",
             isActive: true,
         +   stationId: {
         +     equals: String | StringFieldRefInput,
         +     in: String[] | ListStringFieldRefInput,
         +     notIn: String[] | ListStringFieldRefInput,
         +     lt: String | StringFieldRefInput,
         +     lte: String | StringFieldRefInput,
         +     gt: String | StringFieldRefInput,
         +     gte: String | StringFieldRefInput,
         +     contains: String | StringFieldRefInput,
         +     startsWith: String | StringFieldRefInput,
         +     endsWith: String | StringFieldRefInput,
         +     mode: QueryMode,
         +     not: String | NestedStringFilter
         +   }
           },
           include: {
             tank: true,
             station: {
               include: {
                 settings: true
               }
             }
           }
         })

Argument `stationId` must not be null.
    at wn (C:\Users\Dell\Desktop\fuelcore\backend\node_modules\@prisma\client\runtime\library.js:29:1363)
    at $n.handleRequestError (C:\Users\Dell\Desktop\fuelcore\backend\node_modules\@prisma\client\runtime\library.js:121:6958)
    at $n.handleAndLogRequestError (C:\Users\Dell\Desktop\fuelcore\backend\node_modules\@prisma\client\runtime\library.js:121:6623)
    at $n.request (C:\Users\Dell\Desktop\fuelcore\backend\node_modules\@prisma\client\runtime\library.js:121:6307)
    at l (C:\Users\Dell\Desktop\fuelcore\backend\node_modules\@prisma\client\runtime\library.js:130:9633)
    at SalesService.createSale (C:\Users\Dell\Desktop\fuelcore\backend\src\modules\sales\sales.service.ts:12:18)
    at SalesController.createSale (C:\Users\Dell\Desktop\fuelcore\backend\src\modules\sales\sales.controller.ts:8:18)
{
  "statusCode": 500,
  "path": "/api/v1/sales",
  "method": "POST",
  "userId": "f4d45cbe-598c-4e65-95c3-e94e0e354561"
}
2026-06-19 09:04:21 [error]: PrismaClientValidationError: 
Invalid `prisma.pump.findFirst()` invocation in
C:\Users\Dell\Desktop\fuelcore\backend\src\modules\sales\sales.service.ts:12:36

   9 export class SalesService {
  10   async createSale(data: CreateSaleInput, employeeId: string, stationId: string) {
  11     // 1. Validate pump
→ 12     const pump = await prisma.pump.findFirst({
           where: {
             id: "7e99beca-6e26-4ef7-acf0-13618a187735",
             isActive: true,
         +   stationId: {
         +     equals: String | StringFieldRefInput,
         +     in: String[] | ListStringFieldRefInput,
         +     notIn: String[] | ListStringFieldRefInput,
         +     lt: String | StringFieldRefInput,
         +     lte: String | StringFieldRefInput,
         +     gt: String | StringFieldRefInput,
         +     gte: String | StringFieldRefInput,
         +     contains: String | StringFieldRefInput,
         +     startsWith: String | StringFieldRefInput,
         +     endsWith: String | StringFieldRefInput,
         +     mode: QueryMode,
         +     not: String | NestedStringFilter
         +   }
           },
           include: {
             tank: true,
             station: {
               include: {
                 settings: true
               }
             }
           }
         })

Argument `stationId` must not be null.
    at wn (C:\Users\Dell\Desktop\fuelcore\backend\node_modules\@prisma\client\runtime\library.js:29:1363)
    at $n.handleRequestError (C:\Users\Dell\Desktop\fuelcore\backend\node_modules\@prisma\client\runtime\library.js:121:6958)
    at $n.handleAndLogRequestError (C:\Users\Dell\Desktop\fuelcore\backend\node_modules\@prisma\client\runtime\library.js:121:6623)
    at $n.request (C:\Users\Dell\Desktop\fuelcore\backend\node_modules\@prisma\client\runtime\library.js:121:6307)
    at l (C:\Users\Dell\Desktop\fuelcore\backend\node_modules\@prisma\client\runtime\library.js:130:9633)
    at SalesService.createSale (C:\Users\Dell\Desktop\fuelcore\backend\src\modules\sales\sales.service.ts:12:18)
    at SalesController.createSale (C:\Users\Dell\Desktop\fuelcore\backend\src\modules\sales\sales.controller.ts:8:18)
{
  "statusCode": 500,
  "path": "/api/v1/sales",
  "method": "POST",
  "userId": "f4d45cbe-598c-4e65-95c3-e94e0e354561"
}
2026-06-19 09:04:24 [error]: PrismaClientValidationError: 
Invalid `prisma.pump.findFirst()` invocation in
C:\Users\Dell\Desktop\fuelcore\backend\src\modules\sales\sales.service.ts:12:36

   9 export class SalesService {
  10   async createSale(data: CreateSaleInput, employeeId: string, stationId: string) {
  11     // 1. Validate pump
→ 12     const pump = await prisma.pump.findFirst({
           where: {
             id: "7e99beca-6e26-4ef7-acf0-13618a187735",
             isActive: true,
         +   stationId: {
         +     equals: String | StringFieldRefInput,
         +     in: String[] | ListStringFieldRefInput,
         +     notIn: String[] | ListStringFieldRefInput,
         +     lt: String | StringFieldRefInput,
         +     lte: String | StringFieldRefInput,
         +     gt: String | StringFieldRefInput,
         +     gte: String | StringFieldRefInput,
         +     contains: String | StringFieldRefInput,
         +     startsWith: String | StringFieldRefInput,
         +     endsWith: String | StringFieldRefInput,
         +     mode: QueryMode,
         +     not: String | NestedStringFilter
         +   }
           },
           include: {
             tank: true,
             station: {
               include: {
                 settings: true
               }
             }
           }
         })

Argument `stationId` must not be null.
    at wn (C:\Users\Dell\Desktop\fuelcore\backend\node_modules\@prisma\client\runtime\library.js:29:1363)
    at $n.handleRequestError (C:\Users\Dell\Desktop\fuelcore\backend\node_modules\@prisma\client\runtime\library.js:121:6958)
    at $n.handleAndLogRequestError (C:\Users\Dell\Desktop\fuelcore\backend\node_modules\@prisma\client\runtime\library.js:121:6623)
    at $n.request (C:\Users\Dell\Desktop\fuelcore\backend\node_modules\@prisma\client\runtime\library.js:121:6307)
    at l (C:\Users\Dell\Desktop\fuelcore\backend\node_modules\@prisma\client\runtime\library.js:130:9633)
    at SalesService.createSale (C:\Users\Dell\Desktop\fuelcore\backend\src\modules\sales\sales.service.ts:12:18)
    at SalesController.createSale (C:\Users\Dell\Desktop\fuelcore\backend\src\modules\sales\sales.controller.ts:8:18)
{
  "statusCode": 500,
  "path": "/api/v1/sales",
  "method": "POST",
  "userId": "f4d45cbe-598c-4e65-95c3-e94e0e354561"
}
